[22:11:26] [main/INFO] ========================================
[22:11:26] [main/INFO] Minecraft: 1.21.7
[22:11:26] [main/INFO] Side: server
[22:11:26] [main/INFO] Development: false
[22:11:26] [main/INFO] Version: 20.0.810
[22:11:26] [main/INFO] Loader:
[22:11:26] [main/INFO] - Fabric: 0.16.14
[22:11:26] [main/INFO] - Fabric API: 0.129.0+1.21.7
[22:11:26] [main/INFO] Dependencies:
[22:11:26] [main/INFO] - Cloth Config: 19.0.147
[22:11:26] [main/INFO] - Architectury: 17.0.8
[22:11:26] [main/INFO] Mixin: 0.8.7
[22:11:26] [main/INFO] OS: Linux 6.8.0-1030-azure (amd64)
[22:11:26] [main/INFO] Java: 21.0.8 (Ubuntu)
[22:11:26] [main/INFO] ========================================
[22:11:26] [main/INFO] Mods:
[22:11:26] [main/INFO] - advancednetherite: 2.3.0-1.21.7
[22:11:26] [main/INFO] - appleskin: 3.0.6+mc1.21.6
[22:11:26] [main/INFO] - architectury: 17.0.8
[22:11:26] [main/INFO] - balm: 21.8.4
[22:11:26] [main/INFO] - bil: 1.5.2+1.21.6
[22:11:26] [main/INFO] - biomesoplenty: 21.7.0.3
[22:11:26] [main/INFO] - blue_endless_jankson: 1.2.3
[22:11:26] [main/INFO] - cardinal-components: 7.0.0-beta.1
[22:11:26] [main/INFO] - cardinal-components-base: 7.0.0-beta.1
[22:11:26] [main/INFO] - cardinal-components-block: 7.0.0-beta.1
[22:11:26] [main/INFO] - cardinal-components-chunk: 7.0.0-beta.1
[22:11:26] [main/INFO] - cardinal-components-entity: 7.0.0-beta.1
[22:11:26] [main/INFO] - cardinal-components-item: 7.0.0-beta.1
[22:11:26] [main/INFO] - cardinal-components-level: 7.0.0-beta.1
[22:11:26] [main/INFO] - cardinal-components-scoreboard: 7.0.0-beta.1
[22:11:26] [main/INFO] - cardinal-components-world: 7.0.0-beta.1
[22:11:26] [main/INFO] - cherry_village: 1.21.1-1.0.0-Fabric
[22:11:26] [main/INFO] - cloth-basic-math: 0.6.1
[22:11:26] [main/INFO] - cloth-config: 19.0.147
[22:11:26] [main/INFO] - cloth-config: 19.0.147
[22:11:26] [main/INFO] - collective: 8.4
[22:11:26] [main/INFO] - com_electronwill_night-config_core: 3.8.2
[22:11:26] [main/INFO] - com_electronwill_night-config_toml: 3.8.2
[22:11:26] [main/INFO] - com_twelvemonkeys_common_common-image: 3.12.0
[22:11:26] [main/INFO] - com_twelvemonkeys_common_common-io: 3.12.0
[22:11:26] [main/INFO] - com_twelvemonkeys_common_common-lang: 3.12.0
[22:11:26] [main/INFO] - com_twelvemonkeys_imageio_imageio-core: 3.12.0
[22:11:26] [main/INFO] - com_twelvemonkeys_imageio_imageio-metadata: 3.12.0
[22:11:26] [main/INFO] - com_twelvemonkeys_imageio_imageio-webp: 3.12.0
[22:11:26] [main/INFO] - common-protection-api: 1.0.0
[22:11:26] [main/INFO] - connectiblechains: 2.5.4+1.21.8
[22:11:26] [main/INFO] - debugify: 1.21.8+1.0
[22:11:26] [main/INFO] - doubledoors: 7.1
[22:11:26] [main/INFO] - easymagic: 21.7.0
[22:11:26] [main/INFO] - elytratrims: 4.3.1
[22:11:26] [main/INFO] - entityculling: 1.8.2
[22:11:26] [main/INFO] - error_notifier: 1.0.11
[22:11:26] [main/INFO] - fabric-api: 0.129.0+1.21.7
[22:11:26] [main/INFO] - fabric-api: 0.129.0+1.21.7
[22:11:26] [main/INFO] - fabric-api-base: 0.4.64+9ec45cd86c
[22:11:26] [main/INFO] - fabric-api-lookup-api-v1: 1.6.100+946bf4c36c
[22:11:26] [main/INFO] - fabric-biome-api-v1: 16.0.11+946bf4c36c
[22:11:26] [main/INFO] - fabric-block-api-v1: 1.1.3+946bf4c36c
[22:11:26] [main/INFO] - fabric-block-view-api-v2: 1.0.31+946bf4c36c
[22:11:26] [main/INFO] - fabric-command-api-v2: 2.2.53+946bf4c36c
[22:11:26] [main/INFO] - fabric-content-registries-v0: 10.0.18+946bf4c36c
[22:11:26] [main/INFO] - fabric-convention-tags-v1: 2.1.40+7f945d5b6c
[22:11:26] [main/INFO] - fabric-convention-tags-v2: 2.15.5+eb5df52f6c
[22:11:26] [main/INFO] - fabric-crash-report-info-v1: 0.3.15+946bf4c36c
[22:11:26] [main/INFO] - fabric-data-attachment-api-v1: 1.8.10+946bf4c36c
[22:11:26] [main/INFO] - fabric-data-generation-api-v1: 23.2.4+55e55d296c
[22:11:26] [main/INFO] - fabric-dimensions-v1: 4.0.19+946bf4c36c
[22:11:26] [main/INFO] - fabric-entity-events-v1: 2.1.1+c9e472736c
[22:11:26] [main/INFO] - fabric-events-interaction-v0: 4.0.23+946bf4c36c
[22:11:26] [main/INFO] - fabric-game-rule-api-v1: 1.0.73+c64c9c5b6c
[22:11:26] [main/INFO] - fabric-item-api-v1: 11.4.3+946bf4c36c
[22:11:26] [main/INFO] - fabric-item-group-api-v1: 4.2.13+946bf4c36c
[22:11:26] [main/INFO] - fabric-language-kotlin: 1.13.4+kotlin.2.2.0
[22:11:26] [main/INFO] - fabric-lifecycle-events-v1: 2.6.3+db4dfd856c
[22:11:26] [main/INFO] - fabric-loot-api-v2: 3.0.55+3f89f5a56c
[22:11:26] [main/INFO] - fabric-loot-api-v3: 2.0.2+946bf4c36c
[22:11:26] [main/INFO] - fabric-message-api-v1: 6.1.1+946bf4c36c
[22:11:26] [main/INFO] - fabric-networking-api-v1: 5.0.1+946bf4c36c
[22:11:26] [main/INFO] - fabric-object-builder-api-v1: 21.1.7+946bf4c36c
[22:11:26] [main/INFO] - fabric-particles-v1: 4.1.7+946bf4c36c
[22:11:26] [main/INFO] - fabric-permissions-api-v0: 0.4.0
[22:11:26] [main/INFO] - fabric-recipe-api-v1: 8.1.14+946bf4c36c
[22:11:26] [main/INFO] - fabric-registry-sync-v0: 6.1.27+946bf4c36c
[22:11:26] [main/INFO] - fabric-rendering-fluids-v1: 3.1.30+fa6cb72b6c
[22:11:26] [main/INFO] - fabric-resource-conditions-api-v1: 5.0.24+946bf4c36c
[22:11:26] [main/INFO] - fabric-resource-loader-v0: 3.1.11+946bf4c36c
[22:11:26] [main/INFO] - fabric-screen-handler-api-v1: 1.3.136+946bf4c36c
[22:11:26] [main/INFO] - fabric-tag-api-v1: 1.2.1+946bf4c36c
[22:11:26] [main/INFO] - fabric-transfer-api-v1: 6.0.5+946bf4c36c
[22:11:26] [main/INFO] - fabric-transitive-access-wideners-v1: 6.4.1+ac3e15d16c
[22:11:26] [main/INFO] - fabricloader: 0.16.14
[22:11:26] [main/INFO] - fallingtree: 1.21.7.2
[22:11:26] [main/INFO] - farmersdelight: 1.21.8-3.2.5+refabricated
[22:11:26] [main/INFO] - ferritecore: 8.0.0
[22:11:26] [main/INFO] - forgeconfigapiport: 21.7.0
[22:11:26] [main/INFO] - framework: 0.12.3
[22:11:26] [main/INFO] - fzzy_config: 0.7.1+1.21.6
[22:11:26] [main/INFO] - glitchcore: 21.7.0.0
[22:11:26] [main/INFO] - io_netty_netty-codec-http: 4.1.82
[22:11:26] [main/INFO] - io_wispforest_endec: 0.1.9
[22:11:26] [main/INFO] - io_wispforest_endec_gson: 0.1.6
[22:11:26] [main/INFO] - io_wispforest_endec_jankson: 0.1.6
[22:11:26] [main/INFO] - io_wispforest_endec_netty: 0.1.5
[22:11:26] [main/INFO] - java: 21
[22:11:26] [main/INFO] - kuma_api: 21.8.2
[22:11:26] [main/INFO] - leavesbegone: 21.7.0
[22:11:26] [main/INFO] - light-level-2025: 1
[22:11:26] [main/INFO] - lithium: 0.18.0+mc1.21.7
[22:11:26] [main/INFO] - mcwdoors: 1.1.3
[22:11:26] [main/INFO] - mcwlights: 1.1.2
[22:11:26] [main/INFO] - mcwstairs: 1.0.1
[22:11:26] [main/INFO] - minecraft: 1.21.7
[22:11:26] [main/INFO] - mixinextras: 0.5.0-rc.4
[22:11:26] [main/INFO] - mixintrace: 1.1.1+1.17
[22:11:26] [main/INFO] - mm: 2.3
[22:11:26] [main/INFO] - mr_dungeons: 1.10.1
[22:11:26] [main/INFO] - mr_nbc: 2.3
[22:11:26] [main/INFO] - net_jodah_typetools: 0.6.3
[22:11:26] [main/INFO] - net_peanuuutz_tomlkt_tomlkt-jvm: 0.3.7
[22:11:26] [main/INFO] - nether_ores_reborn: 1.0.1-1.21.7-Fabric
[22:11:26] [main/INFO] - nochatreports: 1.21.7-v2.14.0
[22:11:26] [main/INFO] - notenoughanimations: 1.10.1
[22:11:26] [main/INFO] - onlyhammersandexcavators: 1.21.7-0.2
[22:11:26] [main/INFO] - org_javassist_javassist: 3.29.2-GA
[22:11:26] [main/INFO] - org_jetbrains_kotlin_kotlin-reflect: 2.2.0
[22:11:26] [main/INFO] - org_jetbrains_kotlin_kotlin-stdlib: 2.2.0
[22:11:26] [main/INFO] - org_jetbrains_kotlin_kotlin-stdlib-jdk7: 2.2.0
[22:11:26] [main/INFO] - org_jetbrains_kotlin_kotlin-stdlib-jdk8: 2.2.0
[22:11:26] [main/INFO] - org_jetbrains_kotlinx_atomicfu-jvm: 0.28.0
[22:11:26] [main/INFO] - org_jetbrains_kotlinx_kotlinx-coroutines-core-jvm: 1.10.2
[22:11:26] [main/INFO] - org_jetbrains_kotlinx_kotlinx-coroutines-jdk8: 1.10.2
[22:11:26] [main/INFO] - org_jetbrains_kotlinx_kotlinx-datetime-jvm: 0.6.2
[22:11:26] [main/INFO] - org_jetbrains_kotlinx_kotlinx-io-bytestring-jvm: 0.7.0
[22:11:26] [main/INFO] - org_jetbrains_kotlinx_kotlinx-io-core-jvm: 0.7.0
[22:11:26] [main/INFO] - org_jetbrains_kotlinx_kotlinx-serialization-cbor-jvm: 1.8.1
[22:11:26] [main/INFO] - org_jetbrains_kotlinx_kotlinx-serialization-core-jvm: 1.8.1
[22:11:26] [main/INFO] - org_jetbrains_kotlinx_kotlinx-serialization-json-jvm: 1.8.1
[22:11:26] [main/INFO] - org_quiltmc_parsers_gson: 0.2.1
[22:11:26] [main/INFO] - org_quiltmc_parsers_json: 0.2.1
[22:11:26] [main/INFO] - org_reflections_reflections: 0.10.2
[22:11:26] [main/INFO] - owo: 0.12.21+1.21.6
[22:11:26] [main/INFO] - packet_tweaker: 0.6.0-pre.1+1.21.2-pre3
[22:11:26] [main/INFO] - patpat: 1.2.0+1.21.7
[22:11:26] [main/INFO] - placeholder-api: 2.7.0+1.21.6
[22:11:26] [main/INFO] - polymer-autohost: 0.13.7+1.21.8
[22:11:26] [main/INFO] - polymer-blocks: 0.13.7+1.21.8
[22:11:26] [main/INFO] - polymer-bundled: 0.13.7+1.21.8
[22:11:26] [main/INFO] - polymer-common: 0.13.7+1.21.8
[22:11:26] [main/INFO] - polymer-core: 0.13.7+1.21.8
[22:11:26] [main/INFO] - polymer-networking: 0.13.7+1.21.8
[22:11:26] [main/INFO] - polymer-registry-sync-manipulator: 0.13.7+1.21.8
[22:11:26] [main/INFO] - polymer-resource-pack: 0.13.7+1.21.8
[22:11:26] [main/INFO] - polymer-resource-pack-extras: 0.13.7+1.21.8
[22:11:26] [main/INFO] - polymer-sound-patcher: 0.13.7+1.21.8
[22:11:26] [main/INFO] - polymer-virtual-entity: 0.13.7+1.21.8
[22:11:26] [main/INFO] - predicate-api: 0.6.0+1.21.2
[22:11:26] [main/INFO] - puzzleslib: 21.7.1
[22:11:26] [main/INFO] - refurbished_furniture: 1.0.18
[22:11:26] [main/INFO] - roughlyenoughitems: 20.0.810
[22:11:26] [main/INFO] - server_translations_api: 2.5.1+1.21.5
[22:11:26] [main/INFO] - sgui: 1.10.0+1.21.6
[22:11:26] [main/INFO] - storagedelight: 25.7.32-1.21.6-fabric
[22:11:26] [main/INFO] - terrablender: 6.0.0.2
[22:11:26] [main/INFO] - toms_mobs: 2.3.0+1.21.6
[22:11:26] [main/INFO] - trade_cycling: 1.21.7-1.0.19
[22:11:26] [main/INFO] - transition: 1.0.3
[22:11:26] [main/INFO] - travelersbackpack: 10.7.0
[22:11:26] [main/INFO] - trender: 1.0.5
[22:11:26] [main/INFO] - trinkets: 3.11.0
[22:11:26] [main/INFO] - universal-graves: 3.8.1+1.21.6
[22:11:26] [main/INFO] - visibletraders: 0.1.1.2
[22:11:26] [main/INFO] - waystones: 21.7.2
[22:11:26] [main/INFO] - xaerominimap: 25.2.10
[22:11:26] [main/INFO] - xaeroworldmap: 1.39.12
[22:11:26] [main/INFO] - yet_another_config_lib_v3: 3.7.1+1.21.6-fabric
[22:11:26] [main/INFO] - yosbr: 0.1.2
[22:11:26] [main/INFO] ========================================
[22:11:26] [main/INFO] [REI] Registered plugin provider CommonREIPlugin [farmersdelight] for REICommonPlugin
[22:11:26] [main/INFO] [REI] Registered plugin provider DefaultPlugin [roughlyenoughitems] for REICommonPlugin
[22:11:26] [main/INFO] [REI] Registered plugin provider DefaultRuntimePlugin [roughlyenoughitems] for REICommonPlugin
[22:11:26] [main/INFO] [REI] Registered plugin provider FabricFluidAPISupportPlugin for REICommonPlugin
[22:11:27] [main/DEBUG] [REI] Processed 7 tags in 513.7 μs for minecraft:fluid
[22:11:27] [main/DEBUG] [REI] Processed 47 tags in 375.3 μs for minecraft:entity_type
[22:11:27] [main/DEBUG] [REI] Processed 5 tags in 111.7 μs for minecraft:game_event
[22:11:27] [main/DEBUG] [REI] Processed 736 tags in 3.242 ms for minecraft:item
[22:11:27] [main/DEBUG] [REI] Processed 3 tags in 39.12 μs for minecraft:point_of_interest_type
[22:11:27] [main/DEBUG] [REI] Processed 455 tags in 3.364 ms for minecraft:block
[22:11:28] [Worker-Main-3/DEBUG] [REI] Processed 1 tags in 30.92 μs for minecraft:block
[22:11:28] [Worker-Main-3/DEBUG] [REI] Processed 1 tags in 10.53 μs for minecraft:entity_type
[22:11:36] [Server thread/DEBUG] [REI] Starting Reload Plugins of stage null
java.lang.Throwable
	at knot//me.shedaniel.rei.impl.common.plugins.ReloadManagerImpl.reloadPlugins(ReloadManagerImpl.java:110)
	at knot//me.shedaniel.rei.RoughlyEnoughItemsCore.lambda$onInitialize$5(RoughlyEnoughItemsCore.java:157)
	at knot//dev.architectury.event.fabric.EventHandlerImpl.lambda$registerCommon$10(EventHandlerImpl.java:67)
	at knot//net.fabricmc.fabric.api.event.lifecycle.v1.ServerLifecycleEvents.lambda$static$2(ServerLifecycleEvents.java:49)
	at knot//net.minecraft.server.MinecraftServer.handler$bbc000$fabric-lifecycle-events-v1$afterSetupServer(MinecraftServer.java:6202)
	at knot//net.minecraft.server.MinecraftServer.method_29741(MinecraftServer.java:676)
	at knot//net.minecraft.server.MinecraftServer.method_29739(MinecraftServer.java:291)
	at java.base/java.lang.Thread.run(Thread.java:1583)
[22:11:36] [Server thread/DEBUG] [REI] ========================================
[22:11:36] [Server thread/DEBUG] [REI] REICommonPlugin starting pre-reload for START.
[22:11:36] [Server thread/DEBUG] [REI] Reloadables (8):
[22:11:36] [Server thread/DEBUG] [REI]  - SlotAccessorRegistryImpl
[22:11:36] [Server thread/DEBUG] [REI]  - EntryTypeRegistryImpl
[22:11:36] [Server thread/DEBUG] [REI]  - EntrySettingsAdapterRegistryImpl
[22:11:36] [Server thread/DEBUG] [REI]  - ItemComparatorRegistryImpl
[22:11:36] [Server thread/DEBUG] [REI]  - FluidComparatorRegistryImpl
[22:11:36] [Server thread/DEBUG] [REI]  - DisplaySerializerRegistryImpl
[22:11:36] [Server thread/DEBUG] [REI]  - ServerDisplayRegistryImpl
[22:11:36] [Server thread/DEBUG] [REI]  - FluidSupportProviderImpl
[22:11:36] [Server thread/DEBUG] [REI] Plugins (4):
[22:11:36] [Server thread/DEBUG] [REI]  - (-100.00) DefaultPlugin of DefaultPlugin [roughlyenoughitems]
[22:11:36] [Server thread/DEBUG] [REI]  - (0.00) FabricFluidAPISupportPlugin
[22:11:36] [Server thread/DEBUG] [REI]  - (0.00) DefaultRuntimePlugin of DefaultRuntimePlugin [roughlyenoughitems]
[22:11:36] [Server thread/DEBUG] [REI]  - (0.00) CommonREIPlugin of CommonREIPlugin [farmersdelight]
[22:11:36] [Server thread/DEBUG] [REI] ========================================
[22:11:36] [Server thread/TRACE] [REI] [REICommonPlugin START] Reloading Section: "pre-register/"
[22:11:36] [Server thread/TRACE] [REI] [REICommonPlugin START] Reloading Section: "pre-register/DefaultPlugin of DefaultPlugin [roughlyenoughitems]/"
[22:11:36] [Server thread/TRACE] [REI] [REICommonPlugin START] Reloading Section: "pre-register/DefaultPlugin of DefaultPlugin [roughlyenoughitems]/" done in 861.2 μs
[22:11:36] [Server thread/TRACE] [REI] [REICommonPlugin START] Reloading Section: "pre-register/FabricFluidAPISupportPlugin/"
[22:11:36] [Server thread/TRACE] [REI] [REICommonPlugin START] Reloading Section: "pre-register/FabricFluidAPISupportPlugin/" done in 54.41 μs
[22:11:36] [Server thread/TRACE] [REI] [REICommonPlugin START] Reloading Section: "pre-register/DefaultRuntimePlugin of DefaultRuntimePlugin [roughlyenoughitems]/"
[22:11:36] [Server thread/TRACE] [REI] [REICommonPlugin START] Reloading Section: "pre-register/DefaultRuntimePlugin of DefaultRuntimePlugin [roughlyenoughitems]/" done in 41.74 μs
[22:11:36] [Server thread/TRACE] [REI] [REICommonPlugin START] Reloading Section: "pre-register/CommonREIPlugin of CommonREIPlugin [farmersdelight]/"
[22:11:36] [Server thread/TRACE] [REI] [REICommonPlugin START] Reloading Section: "pre-register/CommonREIPlugin of CommonREIPlugin [farmersdelight]/" done in 106.1 μs
[22:11:36] [Server thread/TRACE] [REI] [REICommonPlugin START] Reloading Section: "pre-register/" done in 8.264 ms
[22:11:36] [Server thread/TRACE] [REI] [REICommonPlugin START] Reloading Section: "pre-stage/"
[22:11:36] [Server thread/TRACE] [REI] [REICommonPlugin START] Reloading Section: "pre-stage/SlotAccessorRegistryImpl/"
[22:11:36] [Server thread/TRACE] [REI] [REICommonPlugin START] Reloading Section: "pre-stage/SlotAccessorRegistryImpl/" done in 210.9 μs
[22:11:36] [Server thread/TRACE] [REI] [REICommonPlugin START] Reloading Section: "pre-stage/EntryTypeRegistryImpl/"
[22:11:36] [Server thread/TRACE] [REI] [REICommonPlugin START] Reloading Section: "pre-stage/EntryTypeRegistryImpl/" done in 49.12 μs
[22:11:36] [Server thread/TRACE] [REI] [REICommonPlugin START] Reloading Section: "pre-stage/EntrySettingsAdapterRegistryImpl/"
[22:11:36] [Server thread/TRACE] [REI] [REICommonPlugin START] Reloading Section: "pre-stage/EntrySettingsAdapterRegistryImpl/" done in 32.53 μs
[22:11:36] [Server thread/TRACE] [REI] [REICommonPlugin START] Reloading Section: "pre-stage/ItemComparatorRegistryImpl/"
[22:11:36] [Server thread/TRACE] [REI] [REICommonPlugin START] Reloading Section: "pre-stage/ItemComparatorRegistryImpl/" done in 28.82 μs
[22:11:36] [Server thread/TRACE] [REI] [REICommonPlugin START] Reloading Section: "pre-stage/FluidComparatorRegistryImpl/"
[22:11:36] [Server thread/TRACE] [REI] [REICommonPlugin START] Reloading Section: "pre-stage/FluidComparatorRegistryImpl/" done in 38.26 μs
[22:11:36] [Server thread/TRACE] [REI] [REICommonPlugin START] Reloading Section: "pre-stage/DisplaySerializerRegistryImpl/"
[22:11:36] [Server thread/TRACE] [REI] [REICommonPlugin START] Reloading Section: "pre-stage/DisplaySerializerRegistryImpl/" done in 36.20 μs
[22:11:36] [Server thread/TRACE] [REI] [REICommonPlugin START] Reloading Section: "pre-stage/ServerDisplayRegistryImpl/"
[22:11:36] [Server thread/TRACE] [REI] [REICommonPlugin START] Reloading Section: "pre-stage/ServerDisplayRegistryImpl/" done in 28.20 μs
[22:11:36] [Server thread/TRACE] [REI] [REICommonPlugin START] Reloading Section: "pre-stage/FluidSupportProviderImpl/"
[22:11:36] [Server thread/TRACE] [REI] [REICommonPlugin START] Reloading Section: "pre-stage/FluidSupportProviderImpl/" done in 31.51 μs
[22:11:36] [Server thread/TRACE] [REI] [REICommonPlugin START] Reloading Section: "pre-stage/" done in 1.176 ms
[22:11:36] [Server thread/DEBUG] [REI] ========================================
[22:11:36] [Server thread/DEBUG] [REI] REICommonPlugin finished pre-reload for START in 9.919 ms.
[22:11:36] [Server thread/DEBUG] [REI] ========================================
[22:11:36] [Server thread/INFO] [REI] ****************************************
[22:11:36] [Server thread/INFO] [REI] REICommonPlugin starting main-reload for START.
[22:11:36] [Server thread/DEBUG] [REI] Reloadables (8):
[22:11:36] [Server thread/DEBUG] [REI]  - SlotAccessorRegistryImpl
[22:11:36] [Server thread/DEBUG] [REI]  - EntryTypeRegistryImpl
[22:11:36] [Server thread/DEBUG] [REI]  - EntrySettingsAdapterRegistryImpl
[22:11:36] [Server thread/DEBUG] [REI]  - ItemComparatorRegistryImpl
[22:11:36] [Server thread/DEBUG] [REI]  - FluidComparatorRegistryImpl
[22:11:36] [Server thread/DEBUG] [REI]  - DisplaySerializerRegistryImpl
[22:11:36] [Server thread/DEBUG] [REI]  - ServerDisplayRegistryImpl
[22:11:36] [Server thread/DEBUG] [REI]  - FluidSupportProviderImpl
[22:11:36] [Server thread/INFO] [REI] Plugins (4):
[22:11:36] [Server thread/INFO] [REI]  - (-100.00) DefaultPlugin of DefaultPlugin [roughlyenoughitems]
[22:11:36] [Server thread/INFO] [REI]  - (0.00) FabricFluidAPISupportPlugin
[22:11:36] [Server thread/INFO] [REI]  - (0.00) DefaultRuntimePlugin of DefaultRuntimePlugin [roughlyenoughitems]
[22:11:36] [Server thread/INFO] [REI]  - (0.00) CommonREIPlugin of CommonREIPlugin [farmersdelight]
[22:11:36] [Server thread/INFO] [REI] ****************************************
[22:11:36] [Server thread/TRACE] [REI] [REICommonPlugin START] Reloading Section: "start-reload/"
[22:11:36] [Server thread/TRACE] [REI] [REICommonPlugin START] Reloading Section: "start-reload/SlotAccessorRegistryImpl/"
[22:11:36] [Server thread/TRACE] [REI] [REICommonPlugin START] Reloading Section: "start-reload/SlotAccessorRegistryImpl/" done in 67.49 μs
[22:11:36] [Server thread/TRACE] [REI] [REICommonPlugin START] Reloading Section: "start-reload/EntryTypeRegistryImpl/"
[22:11:36] [Server thread/TRACE] [REI] [REICommonPlugin START] Reloading Section: "start-reload/EntryTypeRegistryImpl/" done in 70.06 μs
[22:11:36] [Server thread/TRACE] [REI] [REICommonPlugin START] Reloading Section: "start-reload/EntrySettingsAdapterRegistryImpl/"
[22:11:36] [Server thread/TRACE] [REI] [REICommonPlugin START] Reloading Section: "start-reload/EntrySettingsAdapterRegistryImpl/" done in 32.72 μs
[22:11:36] [Server thread/TRACE] [REI] [REICommonPlugin START] Reloading Section: "start-reload/ItemComparatorRegistryImpl/"
[22:11:36] [Server thread/TRACE] [REI] [REICommonPlugin START] Reloading Section: "start-reload/ItemComparatorRegistryImpl/" done in 55.34 μs
[22:11:36] [Server thread/TRACE] [REI] [REICommonPlugin START] Reloading Section: "start-reload/FluidComparatorRegistryImpl/"
[22:11:36] [Server thread/TRACE] [REI] [REICommonPlugin START] Reloading Section: "start-reload/FluidComparatorRegistryImpl/" done in 30.08 μs
[22:11:36] [Server thread/TRACE] [REI] [REICommonPlugin START] Reloading Section: "start-reload/DisplaySerializerRegistryImpl/"
[22:11:36] [Server thread/TRACE] [REI] [REICommonPlugin START] Reloading Section: "start-reload/DisplaySerializerRegistryImpl/" done in 53.99 μs
[22:11:36] [Server thread/TRACE] [REI] [REICommonPlugin START] Reloading Section: "start-reload/ServerDisplayRegistryImpl/"
[22:11:36] [Server thread/TRACE] [REI] [REICommonPlugin START] Reloading Section: "start-reload/ServerDisplayRegistryImpl/" done in 48.39 μs
[22:11:36] [Server thread/TRACE] [REI] [REICommonPlugin START] Reloading Section: "start-reload/FluidSupportProviderImpl/"
[22:11:36] [Server thread/TRACE] [REI] [REICommonPlugin START] Reloading Section: "start-reload/FluidSupportProviderImpl/" done in 62.86 μs
[22:11:36] [Server thread/TRACE] [REI] [REICommonPlugin START] Reloading Section: "start-reload/" done in 1.141 ms
[22:11:36] [Server thread/DEBUG] [REI] ========================================
[22:11:36] [Server thread/DEBUG] [REI] REICommonPlugin started main-reload for START.
[22:11:36] [Server thread/DEBUG] [REI] ========================================
[22:11:36] [Server thread/TRACE] [REI] [REICommonPlugin START] Reloading Section: "reloadable-plugin/SlotAccessorRegistryImpl/"
[22:11:36] [Server thread/TRACE] [REI] [REICommonPlugin START] Reloading Section: "reloadable-plugin/SlotAccessorRegistryImpl/DefaultPlugin of DefaultPlugin [roughlyenoughitems]/"
[22:11:36] [Server thread/TRACE] [REI] [REICommonPlugin START] Reloading Section: "reloadable-plugin/SlotAccessorRegistryImpl/DefaultPlugin of DefaultPlugin [roughlyenoughitems]/" done in 289.5 μs
[22:11:36] [Server thread/TRACE] [REI] [REICommonPlugin START] Reloading Section: "reloadable-plugin/SlotAccessorRegistryImpl/FabricFluidAPISupportPlugin/"
[22:11:36] [Server thread/TRACE] [REI] [REICommonPlugin START] Reloading Section: "reloadable-plugin/SlotAccessorRegistryImpl/FabricFluidAPISupportPlugin/" done in 68.96 μs
[22:11:36] [Server thread/TRACE] [REI] [REICommonPlugin START] Reloading Section: "reloadable-plugin/SlotAccessorRegistryImpl/DefaultRuntimePlugin of DefaultRuntimePlugin [roughlyenoughitems]/"
[22:11:36] [Server thread/TRACE] [REI] [REICommonPlugin START] Reloading Section: "reloadable-plugin/SlotAccessorRegistryImpl/DefaultRuntimePlugin of DefaultRuntimePlugin [roughlyenoughitems]/" done in 60.67 μs
[22:11:36] [Server thread/TRACE] [REI] [REICommonPlugin START] Reloading Section: "reloadable-plugin/SlotAccessorRegistryImpl/CommonREIPlugin of CommonREIPlugin [farmersdelight]/"
[22:11:36] [Server thread/TRACE] [REI] [REICommonPlugin START] Reloading Section: "reloadable-plugin/SlotAccessorRegistryImpl/CommonREIPlugin of CommonREIPlugin [farmersdelight]/" done in 58.14 μs
[22:11:36] [Server thread/TRACE] [REI] [REICommonPlugin START] Reloading Section: "reloadable-plugin/SlotAccessorRegistryImpl/" done in 1.563 ms
[22:11:36] [Server thread/TRACE] [REI] [REICommonPlugin START] Reloading Section: "reloadable-plugin/EntryTypeRegistryImpl/"
[22:11:36] [Server thread/TRACE] [REI] [REICommonPlugin START] Reloading Section: "reloadable-plugin/EntryTypeRegistryImpl/DefaultPlugin of DefaultPlugin [roughlyenoughitems]/"
[22:11:36] [Server thread/TRACE] [REI] [REICommonPlugin START] Reloading Section: "reloadable-plugin/EntryTypeRegistryImpl/DefaultPlugin of DefaultPlugin [roughlyenoughitems]/" done in 57.79 μs
[22:11:36] [Server thread/TRACE] [REI] [REICommonPlugin START] Reloading Section: "reloadable-plugin/EntryTypeRegistryImpl/FabricFluidAPISupportPlugin/"
[22:11:36] [Server thread/TRACE] [REI] [REICommonPlugin START] Reloading Section: "reloadable-plugin/EntryTypeRegistryImpl/FabricFluidAPISupportPlugin/" done in 47.86 μs
[22:11:36] [Server thread/TRACE] [REI] [REICommonPlugin START] Reloading Section: "reloadable-plugin/EntryTypeRegistryImpl/DefaultRuntimePlugin of DefaultRuntimePlugin [roughlyenoughitems]/"
[22:11:36] [Server thread/TRACE] [REI] [REICommonPlugin START] Reloading Section: "reloadable-plugin/EntryTypeRegistryImpl/DefaultRuntimePlugin of DefaultRuntimePlugin [roughlyenoughitems]/" done in 4.523 ms
[22:11:36] [Server thread/TRACE] [REI] [REICommonPlugin START] Reloading Section: "reloadable-plugin/EntryTypeRegistryImpl/CommonREIPlugin of CommonREIPlugin [farmersdelight]/"
[22:11:36] [Server thread/TRACE] [REI] [REICommonPlugin START] Reloading Section: "reloadable-plugin/EntryTypeRegistryImpl/CommonREIPlugin of CommonREIPlugin [farmersdelight]/" done in 68.10 μs
[22:11:36] [Server thread/TRACE] [REI] [REICommonPlugin START] Reloading Section: "reloadable-plugin/EntryTypeRegistryImpl/" done in 5.250 ms
[22:11:36] [Server thread/TRACE] [REI] [REICommonPlugin START] Reloading Section: "reloadable-plugin/EntrySettingsAdapterRegistryImpl/"
[22:11:36] [Server thread/TRACE] [REI] [REICommonPlugin START] Reloading Section: "reloadable-plugin/EntrySettingsAdapterRegistryImpl/DefaultPlugin of DefaultPlugin [roughlyenoughitems]/"
[22:11:36] [Server thread/TRACE] [REI] [REICommonPlugin START] Reloading Section: "reloadable-plugin/EntrySettingsAdapterRegistryImpl/DefaultPlugin of DefaultPlugin [roughlyenoughitems]/" done in 77.47 μs
[22:11:36] [Server thread/TRACE] [REI] [REICommonPlugin START] Reloading Section: "reloadable-plugin/EntrySettingsAdapterRegistryImpl/FabricFluidAPISupportPlugin/"
[22:11:36] [Server thread/TRACE] [REI] [REICommonPlugin START] Reloading Section: "reloadable-plugin/EntrySettingsAdapterRegistryImpl/FabricFluidAPISupportPlugin/" done in 87.85 μs
[22:11:36] [Server thread/TRACE] [REI] [REICommonPlugin START] Reloading Section: "reloadable-plugin/EntrySettingsAdapterRegistryImpl/DefaultRuntimePlugin of DefaultRuntimePlugin [roughlyenoughitems]/"
[22:11:36] [Server thread/TRACE] [REI] [REICommonPlugin START] Reloading Section: "reloadable-plugin/EntrySettingsAdapterRegistryImpl/DefaultRuntimePlugin of DefaultRuntimePlugin [roughlyenoughitems]/" done in 71.41 μs
[22:11:36] [Server thread/TRACE] [REI] [REICommonPlugin START] Reloading Section: "reloadable-plugin/EntrySettingsAdapterRegistryImpl/CommonREIPlugin of CommonREIPlugin [farmersdelight]/"
[22:11:36] [Server thread/TRACE] [REI] [REICommonPlugin START] Reloading Section: "reloadable-plugin/EntrySettingsAdapterRegistryImpl/CommonREIPlugin of CommonREIPlugin [farmersdelight]/" done in 66.39 μs
[22:11:36] [Server thread/TRACE] [REI] [REICommonPlugin START] Reloading Section: "reloadable-plugin/EntrySettingsAdapterRegistryImpl/" done in 813.5 μs
[22:11:36] [Server thread/TRACE] [REI] [REICommonPlugin START] Reloading Section: "reloadable-plugin/ItemComparatorRegistryImpl/"
[22:11:36] [Server thread/TRACE] [REI] [REICommonPlugin START] Reloading Section: "reloadable-plugin/ItemComparatorRegistryImpl/DefaultPlugin of DefaultPlugin [roughlyenoughitems]/"
[22:11:36] [Server thread/TRACE] [REI] [REICommonPlugin START] Reloading Section: "reloadable-plugin/ItemComparatorRegistryImpl/DefaultPlugin of DefaultPlugin [roughlyenoughitems]/" done in 608.5 μs
[22:11:36] [Server thread/TRACE] [REI] [REICommonPlugin START] Reloading Section: "reloadable-plugin/ItemComparatorRegistryImpl/FabricFluidAPISupportPlugin/"
[22:11:36] [Server thread/TRACE] [REI] [REICommonPlugin START] Reloading Section: "reloadable-plugin/ItemComparatorRegistryImpl/FabricFluidAPISupportPlugin/" done in 64.73 μs
[22:11:36] [Server thread/TRACE] [REI] [REICommonPlugin START] Reloading Section: "reloadable-plugin/ItemComparatorRegistryImpl/DefaultRuntimePlugin of DefaultRuntimePlugin [roughlyenoughitems]/"
[22:11:36] [Server thread/TRACE] [REI] [REICommonPlugin START] Reloading Section: "reloadable-plugin/ItemComparatorRegistryImpl/DefaultRuntimePlugin of DefaultRuntimePlugin [roughlyenoughitems]/" done in 77.21 μs
[22:11:36] [Server thread/TRACE] [REI] [REICommonPlugin START] Reloading Section: "reloadable-plugin/ItemComparatorRegistryImpl/CommonREIPlugin of CommonREIPlugin [farmersdelight]/"
[22:11:36] [Server thread/TRACE] [REI] [REICommonPlugin START] Reloading Section: "reloadable-plugin/ItemComparatorRegistryImpl/CommonREIPlugin of CommonREIPlugin [farmersdelight]/" done in 78.78 μs
[22:11:36] [Server thread/TRACE] [REI] [REICommonPlugin START] Reloading Section: "reloadable-plugin/ItemComparatorRegistryImpl/" done in 1.406 ms
[22:11:36] [Server thread/TRACE] [REI] [REICommonPlugin START] Reloading Section: "reloadable-plugin/FluidComparatorRegistryImpl/"
[22:11:36] [Server thread/TRACE] [REI] [REICommonPlugin START] Reloading Section: "reloadable-plugin/FluidComparatorRegistryImpl/DefaultPlugin of DefaultPlugin [roughlyenoughitems]/"
[22:11:36] [Server thread/TRACE] [REI] [REICommonPlugin START] Reloading Section: "reloadable-plugin/FluidComparatorRegistryImpl/DefaultPlugin of DefaultPlugin [roughlyenoughitems]/" done in 70.79 μs
[22:11:36] [Server thread/TRACE] [REI] [REICommonPlugin START] Reloading Section: "reloadable-plugin/FluidComparatorRegistryImpl/FabricFluidAPISupportPlugin/"
[22:11:36] [Server thread/TRACE] [REI] [REICommonPlugin START] Reloading Section: "reloadable-plugin/FluidComparatorRegistryImpl/FabricFluidAPISupportPlugin/" done in 61.95 μs
[22:11:36] [Server thread/TRACE] [REI] [REICommonPlugin START] Reloading Section: "reloadable-plugin/FluidComparatorRegistryImpl/DefaultRuntimePlugin of DefaultRuntimePlugin [roughlyenoughitems]/"
[22:11:36] [Server thread/TRACE] [REI] [REICommonPlugin START] Reloading Section: "reloadable-plugin/FluidComparatorRegistryImpl/DefaultRuntimePlugin of DefaultRuntimePlugin [roughlyenoughitems]/" done in 70.55 μs
[22:11:36] [Server thread/TRACE] [REI] [REICommonPlugin START] Reloading Section: "reloadable-plugin/FluidComparatorRegistryImpl/CommonREIPlugin of CommonREIPlugin [farmersdelight]/"
[22:11:36] [Server thread/TRACE] [REI] [REICommonPlugin START] Reloading Section: "reloadable-plugin/FluidComparatorRegistryImpl/CommonREIPlugin of CommonREIPlugin [farmersdelight]/" done in 59.32 μs
[22:11:36] [Server thread/TRACE] [REI] [REICommonPlugin START] Reloading Section: "reloadable-plugin/FluidComparatorRegistryImpl/" done in 752.7 μs
[22:11:36] [Server thread/TRACE] [REI] [REICommonPlugin START] Reloading Section: "reloadable-plugin/DisplaySerializerRegistryImpl/"
[22:11:36] [Server thread/TRACE] [REI] [REICommonPlugin START] Reloading Section: "reloadable-plugin/DisplaySerializerRegistryImpl/DefaultPlugin of DefaultPlugin [roughlyenoughitems]/"
[22:11:36] [Server thread/DEBUG] [REI] Added display serializer [minecraft:client/crafting/shaped] me.shedaniel.rei.api.common.display.DisplaySerializer$1@570a403d
[22:11:36] [Server thread/DEBUG] [REI] Added display serializer [minecraft:client/crafting/shapeless] me.shedaniel.rei.api.common.display.DisplaySerializer$1@1eb97085
[22:11:36] [Server thread/DEBUG] [REI] Added display serializer [minecraft:client/smelting] me.shedaniel.rei.api.common.display.DisplaySerializer$1@2f9bd3a6
[22:11:36] [Server thread/DEBUG] [REI] Added display serializer [minecraft:client/smoking] me.shedaniel.rei.api.common.display.DisplaySerializer$1@4ed2f7e4
[22:11:36] [Server thread/DEBUG] [REI] Added display serializer [minecraft:client/blasting] me.shedaniel.rei.api.common.display.DisplaySerializer$1@71d59695
[22:11:36] [Server thread/DEBUG] [REI] Added display serializer [minecraft:default/crafting/shaped] me.shedaniel.rei.api.common.display.DisplaySerializer$1@374f413f
[22:11:36] [Server thread/DEBUG] [REI] Added display serializer [minecraft:default/crafting/shapeless] me.shedaniel.rei.api.common.display.DisplaySerializer$1@178c6d38
[22:11:36] [Server thread/DEBUG] [REI] Added display serializer [minecraft:default/crafting/custom] me.shedaniel.rei.api.common.display.DisplaySerializer$1@3c5375a0
[22:11:36] [Server thread/DEBUG] [REI] Added display serializer [minecraft:default/crafting/custom_shaped] me.shedaniel.rei.api.common.display.DisplaySerializer$1@276d5f38
[22:11:36] [Server thread/DEBUG] [REI] Added display serializer [minecraft:default/crafting/custom_shapeless] me.shedaniel.rei.api.common.display.DisplaySerializer$1@d01394b
[22:11:36] [Server thread/DEBUG] [REI] Added display serializer [minecraft:extension/crafting/map_extending] me.shedaniel.rei.api.common.display.DisplaySerializer$1@e801527
[22:11:36] [Server thread/DEBUG] [REI] Added display serializer [minecraft:default/smelting] me.shedaniel.rei.api.common.display.DisplaySerializer$1@61de72e1
[22:11:36] [Server thread/DEBUG] [REI] Added display serializer [minecraft:default/smoking] me.shedaniel.rei.api.common.display.DisplaySerializer$1@2b689324
[22:11:36] [Server thread/DEBUG] [REI] Added display serializer [minecraft:default/blasting] me.shedaniel.rei.api.common.display.DisplaySerializer$1@20805de9
[22:11:36] [Server thread/DEBUG] [REI] Added display serializer [minecraft:default/campfire] me.shedaniel.rei.api.common.display.DisplaySerializer$1@45fa5a74
[22:11:36] [Server thread/DEBUG] [REI] Added display serializer [minecraft:default/stone_cutting] me.shedaniel.rei.api.common.display.DisplaySerializer$1@2b21ea3f
[22:11:36] [Server thread/DEBUG] [REI] Added display serializer [minecraft:default/stripping] me.shedaniel.rei.api.common.display.DisplaySerializer$1@2b0d81e7
[22:11:36] [Server thread/DEBUG] [REI] Added display serializer [minecraft:default/brewing] me.shedaniel.rei.api.common.display.DisplaySerializer$1@2e4811c0
[22:11:36] [Server thread/DEBUG] [REI] Added display serializer [minecraft:default/composting] me.shedaniel.rei.api.common.display.DisplaySerializer$1@3b823680
[22:11:36] [Server thread/DEBUG] [REI] Added display serializer [minecraft:default/fuel] me.shedaniel.rei.api.common.display.DisplaySerializer$1@2e185f8c
[22:11:36] [Server thread/DEBUG] [REI] Added display serializer [minecraft:default/smithing] me.shedaniel.rei.api.common.display.DisplaySerializer$1@3346112e
[22:11:36] [Server thread/DEBUG] [REI] Added display serializer [minecraft:default/smithing/trimming] me.shedaniel.rei.api.common.display.DisplaySerializer$1@27555d81
[22:11:36] [Server thread/DEBUG] [REI] Added display serializer [minecraft:default/anvil] me.shedaniel.rei.api.common.display.DisplaySerializer$1@1cb87871
[22:11:36] [Server thread/DEBUG] [REI] Added display serializer [minecraft:default/beacon_base] me.shedaniel.rei.api.common.display.DisplaySerializer$1@70687c8f
[22:11:36] [Server thread/DEBUG] [REI] Added display serializer [minecraft:default/beacon_payment] me.shedaniel.rei.api.common.display.DisplaySerializer$1@5ed8b338
[22:11:36] [Server thread/DEBUG] [REI] Added display serializer [minecraft:default/tilling] me.shedaniel.rei.api.common.display.DisplaySerializer$1@28767cdb
[22:11:36] [Server thread/DEBUG] [REI] Added display serializer [minecraft:default/pathing] me.shedaniel.rei.api.common.display.DisplaySerializer$1@2134e3c3
[22:11:36] [Server thread/DEBUG] [REI] Added display serializer [minecraft:default/waxing] me.shedaniel.rei.api.common.display.DisplaySerializer$1@41285e8d
[22:11:36] [Server thread/DEBUG] [REI] Added display serializer [minecraft:default/waxing_scraping] me.shedaniel.rei.api.common.display.DisplaySerializer$1@23c0e4af
[22:11:36] [Server thread/DEBUG] [REI] Added display serializer [minecraft:default/oxidizing] me.shedaniel.rei.api.common.display.DisplaySerializer$1@35e184f2
[22:11:36] [Server thread/DEBUG] [REI] Added display serializer [minecraft:default/oxidizing_scraping] me.shedaniel.rei.api.common.display.DisplaySerializer$1@65685c7
[22:11:36] [Server thread/DEBUG] [REI] Added display serializer [roughlyenoughitems:default/information] me.shedaniel.rei.api.common.display.DisplaySerializer$1@7c13e9
[22:11:36] [Server thread/TRACE] [REI] [REICommonPlugin START] Reloading Section: "reloadable-plugin/DisplaySerializerRegistryImpl/DefaultPlugin of DefaultPlugin [roughlyenoughitems]/" done in 45.17 ms
[22:11:36] [Server thread/TRACE] [REI] [REICommonPlugin START] Reloading Section: "reloadable-plugin/DisplaySerializerRegistryImpl/FabricFluidAPISupportPlugin/"
[22:11:36] [Server thread/TRACE] [REI] [REICommonPlugin START] Reloading Section: "reloadable-plugin/DisplaySerializerRegistryImpl/FabricFluidAPISupportPlugin/" done in 59.85 μs
[22:11:36] [Server thread/TRACE] [REI] [REICommonPlugin START] Reloading Section: "reloadable-plugin/DisplaySerializerRegistryImpl/DefaultRuntimePlugin of DefaultRuntimePlugin [roughlyenoughitems]/"
[22:11:36] [Server thread/TRACE] [REI] [REICommonPlugin START] Reloading Section: "reloadable-plugin/DisplaySerializerRegistryImpl/DefaultRuntimePlugin of DefaultRuntimePlugin [roughlyenoughitems]/" done in 45.97 μs
[22:11:36] [Server thread/TRACE] [REI] [REICommonPlugin START] Reloading Section: "reloadable-plugin/DisplaySerializerRegistryImpl/CommonREIPlugin of CommonREIPlugin [farmersdelight]/"
[22:11:36] [Server thread/DEBUG] [REI] Added display serializer [farmersdelight:default/cooking] me.shedaniel.rei.api.common.display.DisplaySerializer$1@5ddbf648
[22:11:36] [Server thread/DEBUG] [REI] Added display serializer [farmersdelight:default/cutting] me.shedaniel.rei.api.common.display.DisplaySerializer$1@3ebb8f49
[22:11:36] [Server thread/DEBUG] [REI] Added display serializer [farmersdelight:default/decomposition] me.shedaniel.rei.api.common.display.DisplaySerializer$1@52930c68
[22:11:36] [Server thread/TRACE] [REI] [REICommonPlugin START] Reloading Section: "reloadable-plugin/DisplaySerializerRegistryImpl/CommonREIPlugin of CommonREIPlugin [farmersdelight]/" done in 11.90 ms
[22:11:36] [Server thread/TRACE] [REI] [REICommonPlugin START] Reloading Section: "reloadable-plugin/DisplaySerializerRegistryImpl/" done in 57.79 ms
[22:11:36] [Server thread/TRACE] [REI] [REICommonPlugin START] Reloading Section: "reloadable-plugin/ServerDisplayRegistryImpl/"
[22:11:36] [Server thread/TRACE] [REI] [REICommonPlugin START] Reloading Section: "reloadable-plugin/ServerDisplayRegistryImpl/DefaultPlugin of DefaultPlugin [roughlyenoughitems]/"
[22:11:36] [Server thread/TRACE] [REI] [REICommonPlugin START] Reloading Section: "reloadable-plugin/ServerDisplayRegistryImpl/DefaultPlugin of DefaultPlugin [roughlyenoughitems]/" done in 104.5 μs
[22:11:36] [Server thread/TRACE] [REI] [REICommonPlugin START] Reloading Section: "reloadable-plugin/ServerDisplayRegistryImpl/FabricFluidAPISupportPlugin/"
[22:11:36] [Server thread/TRACE] [REI] [REICommonPlugin START] Reloading Section: "reloadable-plugin/ServerDisplayRegistryImpl/FabricFluidAPISupportPlugin/" done in 46.18 μs
[22:11:36] [Server thread/TRACE] [REI] [REICommonPlugin START] Reloading Section: "reloadable-plugin/ServerDisplayRegistryImpl/DefaultRuntimePlugin of DefaultRuntimePlugin [roughlyenoughitems]/"
[22:11:36] [Server thread/TRACE] [REI] [REICommonPlugin START] Reloading Section: "reloadable-plugin/ServerDisplayRegistryImpl/DefaultRuntimePlugin of DefaultRuntimePlugin [roughlyenoughitems]/" done in 81.51 μs
[22:11:36] [Server thread/TRACE] [REI] [REICommonPlugin START] Reloading Section: "reloadable-plugin/ServerDisplayRegistryImpl/CommonREIPlugin of CommonREIPlugin [farmersdelight]/"
[22:11:36] [Server thread/TRACE] [REI] [REICommonPlugin START] Reloading Section: "reloadable-plugin/ServerDisplayRegistryImpl/CommonREIPlugin of CommonREIPlugin [farmersdelight]/" done in 46.83 μs
[22:11:36] [Server thread/TRACE] [REI] [REICommonPlugin START] Reloading Section: "reloadable-plugin/ServerDisplayRegistryImpl/" done in 1.215 ms
[22:11:36] [Server thread/TRACE] [REI] [REICommonPlugin START] Reloading Section: "reloadable-plugin/FluidSupportProviderImpl/"
[22:11:36] [Server thread/TRACE] [REI] [REICommonPlugin START] Reloading Section: "reloadable-plugin/FluidSupportProviderImpl/DefaultPlugin of DefaultPlugin [roughlyenoughitems]/"
[22:11:36] [Server thread/TRACE] [REI] [REICommonPlugin START] Reloading Section: "reloadable-plugin/FluidSupportProviderImpl/DefaultPlugin of DefaultPlugin [roughlyenoughitems]/" done in 472.7 μs
[22:11:36] [Server thread/TRACE] [REI] [REICommonPlugin START] Reloading Section: "reloadable-plugin/FluidSupportProviderImpl/FabricFluidAPISupportPlugin/"
[22:11:36] [Server thread/TRACE] [REI] [REICommonPlugin START] Reloading Section: "reloadable-plugin/FluidSupportProviderImpl/FabricFluidAPISupportPlugin/" done in 214.8 μs
[22:11:36] [Server thread/TRACE] [REI] [REICommonPlugin START] Reloading Section: "reloadable-plugin/FluidSupportProviderImpl/DefaultRuntimePlugin of DefaultRuntimePlugin [roughlyenoughitems]/"
[22:11:36] [Server thread/TRACE] [REI] [REICommonPlugin START] Reloading Section: "reloadable-plugin/FluidSupportProviderImpl/DefaultRuntimePlugin of DefaultRuntimePlugin [roughlyenoughitems]/" done in 50.20 μs
[22:11:36] [Server thread/TRACE] [REI] [REICommonPlugin START] Reloading Section: "reloadable-plugin/FluidSupportProviderImpl/CommonREIPlugin of CommonREIPlugin [farmersdelight]/"
[22:11:36] [Server thread/TRACE] [REI] [REICommonPlugin START] Reloading Section: "reloadable-plugin/FluidSupportProviderImpl/CommonREIPlugin of CommonREIPlugin [farmersdelight]/" done in 76.47 μs
[22:11:36] [Server thread/TRACE] [REI] [REICommonPlugin START] Reloading Section: "reloadable-plugin/FluidSupportProviderImpl/" done in 1.276 ms
[22:11:36] [Server thread/DEBUG] [REI] ========================================
[22:11:36] [Server thread/DEBUG] [REI] REICommonPlugin ending main-reload for START.
[22:11:36] [Server thread/DEBUG] [REI] ========================================
[22:11:36] [Server thread/TRACE] [REI] [REICommonPlugin START] Reloading Section: "end-reload/"
[22:11:36] [Server thread/TRACE] [REI] [REICommonPlugin START] Reloading Section: "end-reload/SlotAccessorRegistryImpl/"
[22:11:36] [Server thread/TRACE] [REI] [REICommonPlugin START] Reloading Section: "end-reload/SlotAccessorRegistryImpl/" done in 70.91 μs
[22:11:36] [Server thread/TRACE] [REI] [REICommonPlugin START] Reloading Section: "end-reload/EntryTypeRegistryImpl/"
[22:11:36] [Server thread/TRACE] [REI] [REICommonPlugin START] Reloading Section: "end-reload/EntryTypeRegistryImpl/" done in 43.94 μs
[22:11:36] [Server thread/TRACE] [REI] [REICommonPlugin START] Reloading Section: "end-reload/EntrySettingsAdapterRegistryImpl/"
[22:11:36] [Server thread/TRACE] [REI] [REICommonPlugin START] Reloading Section: "end-reload/EntrySettingsAdapterRegistryImpl/" done in 39.70 μs
[22:11:36] [Server thread/TRACE] [REI] [REICommonPlugin START] Reloading Section: "end-reload/ItemComparatorRegistryImpl/"
[22:11:36] [Server thread/TRACE] [REI] [REICommonPlugin START] Reloading Section: "end-reload/ItemComparatorRegistryImpl/" done in 38.42 μs
[22:11:36] [Server thread/TRACE] [REI] [REICommonPlugin START] Reloading Section: "end-reload/FluidComparatorRegistryImpl/"
[22:11:36] [Server thread/TRACE] [REI] [REICommonPlugin START] Reloading Section: "end-reload/FluidComparatorRegistryImpl/" done in 33.31 μs
[22:11:36] [Server thread/TRACE] [REI] [REICommonPlugin START] Reloading Section: "end-reload/DisplaySerializerRegistryImpl/"
[22:11:36] [Server thread/TRACE] [REI] [REICommonPlugin START] Reloading Section: "end-reload/DisplaySerializerRegistryImpl/" done in 46.09 μs
[22:11:36] [Server thread/TRACE] [REI] [REICommonPlugin START] Reloading Section: "end-reload/ServerDisplayRegistryImpl/"
[22:11:36] [Server thread/TRACE] [REI] [REICommonPlugin START] Reloading Section: "end-reload/ServerDisplayRegistryImpl/" done in 38.53 μs
[22:11:36] [Server thread/TRACE] [REI] [REICommonPlugin START] Reloading Section: "end-reload/FluidSupportProviderImpl/"
[22:11:36] [Server thread/TRACE] [REI] [REICommonPlugin START] Reloading Section: "end-reload/FluidSupportProviderImpl/" done in 41.46 μs
[22:11:36] [Server thread/TRACE] [REI] [REICommonPlugin START] Reloading Section: "end-reload/" done in 1.061 ms
[22:11:36] [Server thread/DEBUG] [REI] ========================================
[22:11:36] [Server thread/DEBUG] [REI] REICommonPlugin ended main-reload for START in 76.42 ms.
[22:11:36] [Server thread/DEBUG] [REI] ========================================
[22:11:36] [Server thread/DEBUG] [REI] ========================================
[22:11:36] [Server thread/DEBUG] [REI] REICommonPlugin starting post-reload for START.
[22:11:36] [Server thread/DEBUG] [REI] Reloadables (8):
[22:11:36] [Server thread/DEBUG] [REI]  - SlotAccessorRegistryImpl
[22:11:36] [Server thread/DEBUG] [REI]  - EntryTypeRegistryImpl
[22:11:36] [Server thread/DEBUG] [REI]  - EntrySettingsAdapterRegistryImpl
[22:11:36] [Server thread/DEBUG] [REI]  - ItemComparatorRegistryImpl
[22:11:36] [Server thread/DEBUG] [REI]  - FluidComparatorRegistryImpl
[22:11:36] [Server thread/DEBUG] [REI]  - DisplaySerializerRegistryImpl
[22:11:36] [Server thread/DEBUG] [REI]  - ServerDisplayRegistryImpl
[22:11:36] [Server thread/DEBUG] [REI]  - FluidSupportProviderImpl
[22:11:36] [Server thread/DEBUG] [REI] Plugins (4):
[22:11:36] [Server thread/DEBUG] [REI]  - (-100.00) DefaultPlugin of DefaultPlugin [roughlyenoughitems]
[22:11:36] [Server thread/DEBUG] [REI]  - (0.00) FabricFluidAPISupportPlugin
[22:11:36] [Server thread/DEBUG] [REI]  - (0.00) DefaultRuntimePlugin of DefaultRuntimePlugin [roughlyenoughitems]
[22:11:36] [Server thread/DEBUG] [REI]  - (0.00) CommonREIPlugin of CommonREIPlugin [farmersdelight]
[22:11:36] [Server thread/DEBUG] [REI] ========================================
[22:11:36] [Server thread/TRACE] [REI] [REICommonPlugin START] Reloading Section: "post-register/"
[22:11:36] [Server thread/TRACE] [REI] [REICommonPlugin START] Reloading Section: "post-register/DefaultPlugin of DefaultPlugin [roughlyenoughitems]/"
[22:11:36] [Server thread/TRACE] [REI] [REICommonPlugin START] Reloading Section: "post-register/DefaultPlugin of DefaultPlugin [roughlyenoughitems]/" done in 178.0 μs
[22:11:36] [Server thread/TRACE] [REI] [REICommonPlugin START] Reloading Section: "post-register/FabricFluidAPISupportPlugin/"
[22:11:36] [Server thread/TRACE] [REI] [REICommonPlugin START] Reloading Section: "post-register/FabricFluidAPISupportPlugin/" done in 32.27 μs
[22:11:36] [Server thread/TRACE] [REI] [REICommonPlugin START] Reloading Section: "post-register/DefaultRuntimePlugin of DefaultRuntimePlugin [roughlyenoughitems]/"
[22:11:36] [Server thread/TRACE] [REI] [REICommonPlugin START] Reloading Section: "post-register/DefaultRuntimePlugin of DefaultRuntimePlugin [roughlyenoughitems]/" done in 27.96 μs
[22:11:36] [Server thread/TRACE] [REI] [REICommonPlugin START] Reloading Section: "post-register/CommonREIPlugin of CommonREIPlugin [farmersdelight]/"
[22:11:36] [Server thread/TRACE] [REI] [REICommonPlugin START] Reloading Section: "post-register/CommonREIPlugin of CommonREIPlugin [farmersdelight]/" done in 31.79 μs
[22:11:36] [Server thread/TRACE] [REI] [REICommonPlugin START] Reloading Section: "post-register/" done in 865.6 μs
[22:11:36] [Server thread/TRACE] [REI] [REICommonPlugin START] Reloading Section: "post-stage/"
[22:11:36] [Server thread/TRACE] [REI] [REICommonPlugin START] Reloading Section: "post-stage/SlotAccessorRegistryImpl/"
[22:11:36] [Server thread/TRACE] [REI] [REICommonPlugin START] Reloading Section: "post-stage/SlotAccessorRegistryImpl/" done in 41.24 μs
[22:11:36] [Server thread/TRACE] [REI] [REICommonPlugin START] Reloading Section: "post-stage/EntryTypeRegistryImpl/"
[22:11:36] [Server thread/TRACE] [REI] [REICommonPlugin START] Reloading Section: "post-stage/EntryTypeRegistryImpl/" done in 28.04 μs
[22:11:36] [Server thread/TRACE] [REI] [REICommonPlugin START] Reloading Section: "post-stage/EntrySettingsAdapterRegistryImpl/"
[22:11:36] [Server thread/TRACE] [REI] [REICommonPlugin START] Reloading Section: "post-stage/EntrySettingsAdapterRegistryImpl/" done in 27.12 μs
[22:11:36] [Server thread/TRACE] [REI] [REICommonPlugin START] Reloading Section: "post-stage/ItemComparatorRegistryImpl/"
[22:11:36] [Server thread/TRACE] [REI] [REICommonPlugin START] Reloading Section: "post-stage/ItemComparatorRegistryImpl/" done in 25.05 μs
[22:11:36] [Server thread/TRACE] [REI] [REICommonPlugin START] Reloading Section: "post-stage/FluidComparatorRegistryImpl/"
[22:11:36] [Server thread/TRACE] [REI] [REICommonPlugin START] Reloading Section: "post-stage/FluidComparatorRegistryImpl/" done in 60.92 μs
[22:11:36] [Server thread/TRACE] [REI] [REICommonPlugin START] Reloading Section: "post-stage/DisplaySerializerRegistryImpl/"
[22:11:36] [Server thread/TRACE] [REI] [REICommonPlugin START] Reloading Section: "post-stage/DisplaySerializerRegistryImpl/" done in 26.62 μs
[22:11:36] [Server thread/TRACE] [REI] [REICommonPlugin START] Reloading Section: "post-stage/ServerDisplayRegistryImpl/"
[22:11:36] [Server thread/TRACE] [REI] [REICommonPlugin START] Reloading Section: "post-stage/ServerDisplayRegistryImpl/" done in 28.16 μs
[22:11:36] [Server thread/TRACE] [REI] [REICommonPlugin START] Reloading Section: "post-stage/FluidSupportProviderImpl/"
[22:11:36] [Server thread/TRACE] [REI] [REICommonPlugin START] Reloading Section: "post-stage/FluidSupportProviderImpl/" done in 27.67 μs
[22:11:36] [Server thread/TRACE] [REI] [REICommonPlugin START] Reloading Section: "post-stage/" done in 800.7 μs
[22:11:36] [Server thread/DEBUG] [REI] ========================================
[22:11:36] [Server thread/INFO] [REI] REICommonPlugin finished post-reload for START in 1.817 ms, totaling 88.12 ms.
[22:11:36] [Server thread/DEBUG] [REI] ========================================
[22:11:36] [Server thread/DEBUG] [REI] ========================================
[22:11:36] [Server thread/DEBUG] [REI] REICommonPlugin starting pre-reload for END.
[22:11:36] [Server thread/DEBUG] [REI] Reloadables (8):
[22:11:36] [Server thread/DEBUG] [REI]  - SlotAccessorRegistryImpl
[22:11:36] [Server thread/DEBUG] [REI]  - EntryTypeRegistryImpl
[22:11:36] [Server thread/DEBUG] [REI]  - EntrySettingsAdapterRegistryImpl
[22:11:36] [Server thread/DEBUG] [REI]  - ItemComparatorRegistryImpl
[22:11:36] [Server thread/DEBUG] [REI]  - FluidComparatorRegistryImpl
[22:11:36] [Server thread/DEBUG] [REI]  - DisplaySerializerRegistryImpl
[22:11:36] [Server thread/DEBUG] [REI]  - ServerDisplayRegistryImpl
[22:11:36] [Server thread/DEBUG] [REI]  - FluidSupportProviderImpl
[22:11:36] [Server thread/DEBUG] [REI] Plugins (4):
[22:11:36] [Server thread/DEBUG] [REI]  - (-100.00) DefaultPlugin of DefaultPlugin [roughlyenoughitems]
[22:11:36] [Server thread/DEBUG] [REI]  - (0.00) FabricFluidAPISupportPlugin
[22:11:36] [Server thread/DEBUG] [REI]  - (0.00) DefaultRuntimePlugin of DefaultRuntimePlugin [roughlyenoughitems]
[22:11:36] [Server thread/DEBUG] [REI]  - (0.00) CommonREIPlugin of CommonREIPlugin [farmersdelight]
[22:11:36] [Server thread/DEBUG] [REI] ========================================
[22:11:36] [Server thread/TRACE] [REI] [REICommonPlugin END] Reloading Section: "pre-register/"
[22:11:36] [Server thread/TRACE] [REI] [REICommonPlugin END] Reloading Section: "pre-register/DefaultPlugin of DefaultPlugin [roughlyenoughitems]/"
[22:11:36] [Server thread/TRACE] [REI] [REICommonPlugin END] Reloading Section: "pre-register/DefaultPlugin of DefaultPlugin [roughlyenoughitems]/" done in 35.65 μs
[22:11:36] [Server thread/TRACE] [REI] [REICommonPlugin END] Reloading Section: "pre-register/FabricFluidAPISupportPlugin/"
[22:11:36] [Server thread/TRACE] [REI] [REICommonPlugin END] Reloading Section: "pre-register/FabricFluidAPISupportPlugin/" done in 33.32 μs
[22:11:36] [Server thread/TRACE] [REI] [REICommonPlugin END] Reloading Section: "pre-register/DefaultRuntimePlugin of DefaultRuntimePlugin [roughlyenoughitems]/"
[22:11:36] [Server thread/TRACE] [REI] [REICommonPlugin END] Reloading Section: "pre-register/DefaultRuntimePlugin of DefaultRuntimePlugin [roughlyenoughitems]/" done in 32.74 μs
[22:11:36] [Server thread/TRACE] [REI] [REICommonPlugin END] Reloading Section: "pre-register/CommonREIPlugin of CommonREIPlugin [farmersdelight]/"
[22:11:36] [Server thread/TRACE] [REI] [REICommonPlugin END] Reloading Section: "pre-register/CommonREIPlugin of CommonREIPlugin [farmersdelight]/" done in 36.45 μs
[22:11:36] [Server thread/TRACE] [REI] [REICommonPlugin END] Reloading Section: "pre-register/" done in 457.4 μs
[22:11:36] [Server thread/TRACE] [REI] [REICommonPlugin END] Reloading Section: "pre-stage/"
[22:11:36] [Server thread/TRACE] [REI] [REICommonPlugin END] Reloading Section: "pre-stage/SlotAccessorRegistryImpl/"
[22:11:36] [Server thread/TRACE] [REI] [REICommonPlugin END] Reloading Section: "pre-stage/SlotAccessorRegistryImpl/" done in 35.36 μs
[22:11:36] [Server thread/TRACE] [REI] [REICommonPlugin END] Reloading Section: "pre-stage/EntryTypeRegistryImpl/"
[22:11:36] [Server thread/TRACE] [REI] [REICommonPlugin END] Reloading Section: "pre-stage/EntryTypeRegistryImpl/" done in 37.03 μs
[22:11:36] [Server thread/TRACE] [REI] [REICommonPlugin END] Reloading Section: "pre-stage/EntrySettingsAdapterRegistryImpl/"
[22:11:36] [Server thread/TRACE] [REI] [REICommonPlugin END] Reloading Section: "pre-stage/EntrySettingsAdapterRegistryImpl/" done in 33.55 μs
[22:11:36] [Server thread/TRACE] [REI] [REICommonPlugin END] Reloading Section: "pre-stage/ItemComparatorRegistryImpl/"
[22:11:36] [Server thread/TRACE] [REI] [REICommonPlugin END] Reloading Section: "pre-stage/ItemComparatorRegistryImpl/" done in 34.35 μs
[22:11:36] [Server thread/TRACE] [REI] [REICommonPlugin END] Reloading Section: "pre-stage/FluidComparatorRegistryImpl/"
[22:11:36] [Server thread/TRACE] [REI] [REICommonPlugin END] Reloading Section: "pre-stage/FluidComparatorRegistryImpl/" done in 33.11 μs
[22:11:36] [Server thread/TRACE] [REI] [REICommonPlugin END] Reloading Section: "pre-stage/DisplaySerializerRegistryImpl/"
[22:11:36] [Server thread/TRACE] [REI] [REICommonPlugin END] Reloading Section: "pre-stage/DisplaySerializerRegistryImpl/" done in 33.86 μs
[22:11:36] [Server thread/TRACE] [REI] [REICommonPlugin END] Reloading Section: "pre-stage/ServerDisplayRegistryImpl/"
[22:11:36] [Server thread/TRACE] [REI] [REICommonPlugin END] Reloading Section: "pre-stage/ServerDisplayRegistryImpl/" done in 31.95 μs
[22:11:36] [Server thread/TRACE] [REI] [REICommonPlugin END] Reloading Section: "pre-stage/FluidSupportProviderImpl/"
[22:11:36] [Server thread/TRACE] [REI] [REICommonPlugin END] Reloading Section: "pre-stage/FluidSupportProviderImpl/" done in 32.33 μs
[22:11:36] [Server thread/TRACE] [REI] [REICommonPlugin END] Reloading Section: "pre-stage/" done in 843.5 μs
[22:11:36] [Server thread/DEBUG] [REI] ========================================
[22:11:36] [Server thread/DEBUG] [REI] REICommonPlugin finished pre-reload for END in 1.429 ms.
[22:11:36] [Server thread/DEBUG] [REI] ========================================
[22:11:36] [Server thread/INFO] [REI] ++++++++++++++++++++++++++++++++++++++++
[22:11:36] [Server thread/INFO] [REI] REICommonPlugin starting main-reload for END.
[22:11:36] [Server thread/DEBUG] [REI] Reloadables (8):
[22:11:36] [Server thread/DEBUG] [REI]  - SlotAccessorRegistryImpl
[22:11:36] [Server thread/DEBUG] [REI]  - EntryTypeRegistryImpl
[22:11:36] [Server thread/DEBUG] [REI]  - EntrySettingsAdapterRegistryImpl
[22:11:36] [Server thread/DEBUG] [REI]  - ItemComparatorRegistryImpl
[22:11:36] [Server thread/DEBUG] [REI]  - FluidComparatorRegistryImpl
[22:11:36] [Server thread/DEBUG] [REI]  - DisplaySerializerRegistryImpl
[22:11:36] [Server thread/DEBUG] [REI]  - ServerDisplayRegistryImpl
[22:11:36] [Server thread/DEBUG] [REI]  - FluidSupportProviderImpl
[22:11:36] [Server thread/INFO] [REI] Plugins (4):
[22:11:36] [Server thread/INFO] [REI]  - (-100.00) DefaultPlugin of DefaultPlugin [roughlyenoughitems]
[22:11:36] [Server thread/INFO] [REI]  - (0.00) FabricFluidAPISupportPlugin
[22:11:36] [Server thread/INFO] [REI]  - (0.00) DefaultRuntimePlugin of DefaultRuntimePlugin [roughlyenoughitems]
[22:11:36] [Server thread/INFO] [REI]  - (0.00) CommonREIPlugin of CommonREIPlugin [farmersdelight]
[22:11:36] [Server thread/INFO] [REI] ++++++++++++++++++++++++++++++++++++++++
[22:11:36] [Server thread/TRACE] [REI] [REICommonPlugin END] Reloading Section: "start-reload/"
[22:11:36] [Server thread/TRACE] [REI] [REICommonPlugin END] Reloading Section: "start-reload/SlotAccessorRegistryImpl/"
[22:11:36] [Server thread/TRACE] [REI] [REICommonPlugin END] Reloading Section: "start-reload/SlotAccessorRegistryImpl/" done in 60.14 μs
[22:11:36] [Server thread/TRACE] [REI] [REICommonPlugin END] Reloading Section: "start-reload/EntryTypeRegistryImpl/"
[22:11:36] [Server thread/TRACE] [REI] [REICommonPlugin END] Reloading Section: "start-reload/EntryTypeRegistryImpl/" done in 39.30 μs
[22:11:36] [Server thread/TRACE] [REI] [REICommonPlugin END] Reloading Section: "start-reload/EntrySettingsAdapterRegistryImpl/"
[22:11:36] [Server thread/TRACE] [REI] [REICommonPlugin END] Reloading Section: "start-reload/EntrySettingsAdapterRegistryImpl/" done in 47.77 μs
[22:11:36] [Server thread/TRACE] [REI] [REICommonPlugin END] Reloading Section: "start-reload/ItemComparatorRegistryImpl/"
[22:11:36] [Server thread/TRACE] [REI] [REICommonPlugin END] Reloading Section: "start-reload/ItemComparatorRegistryImpl/" done in 38.55 μs
[22:11:36] [Server thread/TRACE] [REI] [REICommonPlugin END] Reloading Section: "start-reload/FluidComparatorRegistryImpl/"
[22:11:36] [Server thread/TRACE] [REI] [REICommonPlugin END] Reloading Section: "start-reload/FluidComparatorRegistryImpl/" done in 60.82 μs
[22:11:36] [Server thread/TRACE] [REI] [REICommonPlugin END] Reloading Section: "start-reload/DisplaySerializerRegistryImpl/"
[22:11:36] [Server thread/TRACE] [REI] [REICommonPlugin END] Reloading Section: "start-reload/DisplaySerializerRegistryImpl/" done in 40.45 μs
[22:11:36] [Server thread/TRACE] [REI] [REICommonPlugin END] Reloading Section: "start-reload/ServerDisplayRegistryImpl/"
[22:11:36] [Server thread/TRACE] [REI] [REICommonPlugin END] Reloading Section: "start-reload/ServerDisplayRegistryImpl/" done in 141.8 μs
[22:11:36] [Server thread/TRACE] [REI] [REICommonPlugin END] Reloading Section: "start-reload/FluidSupportProviderImpl/"
[22:11:36] [Server thread/TRACE] [REI] [REICommonPlugin END] Reloading Section: "start-reload/FluidSupportProviderImpl/" done in 43.23 μs
[22:11:36] [Server thread/TRACE] [REI] [REICommonPlugin END] Reloading Section: "start-reload/" done in 1.163 ms
[22:11:36] [Server thread/DEBUG] [REI] ========================================
[22:11:36] [Server thread/DEBUG] [REI] REICommonPlugin started main-reload for END.
[22:11:36] [Server thread/DEBUG] [REI] ========================================
[22:11:36] [Server thread/TRACE] [REI] [REICommonPlugin END] Reloading Section: "reloadable-plugin/SlotAccessorRegistryImpl/"
[22:11:36] [Server thread/TRACE] [REI] [REICommonPlugin END] Reloading Section: "reloadable-plugin/SlotAccessorRegistryImpl/DefaultPlugin of DefaultPlugin [roughlyenoughitems]/"
[22:11:36] [Server thread/TRACE] [REI] [REICommonPlugin END] Reloading Section: "reloadable-plugin/SlotAccessorRegistryImpl/DefaultPlugin of DefaultPlugin [roughlyenoughitems]/" done in 67.47 μs
[22:11:36] [Server thread/TRACE] [REI] [REICommonPlugin END] Reloading Section: "reloadable-plugin/SlotAccessorRegistryImpl/FabricFluidAPISupportPlugin/"
[22:11:36] [Server thread/TRACE] [REI] [REICommonPlugin END] Reloading Section: "reloadable-plugin/SlotAccessorRegistryImpl/FabricFluidAPISupportPlugin/" done in 43.34 μs
[22:11:36] [Server thread/TRACE] [REI] [REICommonPlugin END] Reloading Section: "reloadable-plugin/SlotAccessorRegistryImpl/DefaultRuntimePlugin of DefaultRuntimePlugin [roughlyenoughitems]/"
[22:11:36] [Server thread/DEBUG] [REI] Added slot accessor serializer: me.shedaniel.rei.plugin.common.runtime.DefaultRuntimePlugin$1@267865f1 [roughlyenoughitems:vanilla]
[22:11:36] [Server thread/DEBUG] [REI] Added slot accessor serializer: me.shedaniel.rei.plugin.common.runtime.DefaultRuntimePlugin$2@2789dd44 [roughlyenoughitems:player]
[22:11:36] [Server thread/TRACE] [REI] [REICommonPlugin END] Reloading Section: "reloadable-plugin/SlotAccessorRegistryImpl/DefaultRuntimePlugin of DefaultRuntimePlugin [roughlyenoughitems]/" done in 2.358 ms
[22:11:36] [Server thread/TRACE] [REI] [REICommonPlugin END] Reloading Section: "reloadable-plugin/SlotAccessorRegistryImpl/CommonREIPlugin of CommonREIPlugin [farmersdelight]/"
[22:11:36] [Server thread/TRACE] [REI] [REICommonPlugin END] Reloading Section: "reloadable-plugin/SlotAccessorRegistryImpl/CommonREIPlugin of CommonREIPlugin [farmersdelight]/" done in 48.41 μs
[22:11:36] [Server thread/TRACE] [REI] [REICommonPlugin END] Reloading Section: "reloadable-plugin/SlotAccessorRegistryImpl/" done in 2.934 ms
[22:11:36] [Server thread/TRACE] [REI] [REICommonPlugin END] Reloading Section: "reloadable-plugin/EntryTypeRegistryImpl/"
[22:11:36] [Server thread/TRACE] [REI] [REICommonPlugin END] Reloading Section: "reloadable-plugin/EntryTypeRegistryImpl/DefaultPlugin of DefaultPlugin [roughlyenoughitems]/"
[22:11:36] [Server thread/TRACE] [REI] [REICommonPlugin END] Reloading Section: "reloadable-plugin/EntryTypeRegistryImpl/DefaultPlugin of DefaultPlugin [roughlyenoughitems]/" done in 45.39 μs
[22:11:36] [Server thread/TRACE] [REI] [REICommonPlugin END] Reloading Section: "reloadable-plugin/EntryTypeRegistryImpl/FabricFluidAPISupportPlugin/"
[22:11:36] [Server thread/TRACE] [REI] [REICommonPlugin END] Reloading Section: "reloadable-plugin/EntryTypeRegistryImpl/FabricFluidAPISupportPlugin/" done in 55.55 μs
[22:11:36] [Server thread/TRACE] [REI] [REICommonPlugin END] Reloading Section: "reloadable-plugin/EntryTypeRegistryImpl/DefaultRuntimePlugin of DefaultRuntimePlugin [roughlyenoughitems]/"
[22:11:36] [Server thread/TRACE] [REI] [REICommonPlugin END] Reloading Section: "reloadable-plugin/EntryTypeRegistryImpl/DefaultRuntimePlugin of DefaultRuntimePlugin [roughlyenoughitems]/" done in 46.93 μs
[22:11:36] [Server thread/TRACE] [REI] [REICommonPlugin END] Reloading Section: "reloadable-plugin/EntryTypeRegistryImpl/CommonREIPlugin of CommonREIPlugin [farmersdelight]/"
[22:11:36] [Server thread/TRACE] [REI] [REICommonPlugin END] Reloading Section: "reloadable-plugin/EntryTypeRegistryImpl/CommonREIPlugin of CommonREIPlugin [farmersdelight]/" done in 474.3 μs
[22:11:36] [Server thread/TRACE] [REI] [REICommonPlugin END] Reloading Section: "reloadable-plugin/EntryTypeRegistryImpl/" done in 987.4 μs
[22:11:36] [Server thread/TRACE] [REI] [REICommonPlugin END] Reloading Section: "reloadable-plugin/EntrySettingsAdapterRegistryImpl/"
[22:11:36] [Server thread/TRACE] [REI] [REICommonPlugin END] Reloading Section: "reloadable-plugin/EntrySettingsAdapterRegistryImpl/DefaultPlugin of DefaultPlugin [roughlyenoughitems]/"
[22:11:36] [Server thread/TRACE] [REI] [REICommonPlugin END] Reloading Section: "reloadable-plugin/EntrySettingsAdapterRegistryImpl/DefaultPlugin of DefaultPlugin [roughlyenoughitems]/" done in 51.40 μs
[22:11:36] [Server thread/TRACE] [REI] [REICommonPlugin END] Reloading Section: "reloadable-plugin/EntrySettingsAdapterRegistryImpl/FabricFluidAPISupportPlugin/"
[22:11:36] [Server thread/TRACE] [REI] [REICommonPlugin END] Reloading Section: "reloadable-plugin/EntrySettingsAdapterRegistryImpl/FabricFluidAPISupportPlugin/" done in 47.31 μs
[22:11:36] [Server thread/TRACE] [REI] [REICommonPlugin END] Reloading Section: "reloadable-plugin/EntrySettingsAdapterRegistryImpl/DefaultRuntimePlugin of DefaultRuntimePlugin [roughlyenoughitems]/"
[22:11:36] [Server thread/TRACE] [REI] [REICommonPlugin END] Reloading Section: "reloadable-plugin/EntrySettingsAdapterRegistryImpl/DefaultRuntimePlugin of DefaultRuntimePlugin [roughlyenoughitems]/" done in 38.44 μs
[22:11:36] [Server thread/TRACE] [REI] [REICommonPlugin END] Reloading Section: "reloadable-plugin/EntrySettingsAdapterRegistryImpl/CommonREIPlugin of CommonREIPlugin [farmersdelight]/"
[22:11:36] [Server thread/TRACE] [REI] [REICommonPlugin END] Reloading Section: "reloadable-plugin/EntrySettingsAdapterRegistryImpl/CommonREIPlugin of CommonREIPlugin [farmersdelight]/" done in 38.30 μs
[22:11:36] [Server thread/TRACE] [REI] [REICommonPlugin END] Reloading Section: "reloadable-plugin/EntrySettingsAdapterRegistryImpl/" done in 547.8 μs
[22:11:36] [Server thread/TRACE] [REI] [REICommonPlugin END] Reloading Section: "reloadable-plugin/ItemComparatorRegistryImpl/"
[22:11:36] [Server thread/TRACE] [REI] [REICommonPlugin END] Reloading Section: "reloadable-plugin/ItemComparatorRegistryImpl/DefaultPlugin of DefaultPlugin [roughlyenoughitems]/"
[22:11:36] [Server thread/TRACE] [REI] [REICommonPlugin END] Reloading Section: "reloadable-plugin/ItemComparatorRegistryImpl/DefaultPlugin of DefaultPlugin [roughlyenoughitems]/" done in 38.33 μs
[22:11:36] [Server thread/TRACE] [REI] [REICommonPlugin END] Reloading Section: "reloadable-plugin/ItemComparatorRegistryImpl/FabricFluidAPISupportPlugin/"
[22:11:36] [Server thread/TRACE] [REI] [REICommonPlugin END] Reloading Section: "reloadable-plugin/ItemComparatorRegistryImpl/FabricFluidAPISupportPlugin/" done in 36.91 μs
[22:11:36] [Server thread/TRACE] [REI] [REICommonPlugin END] Reloading Section: "reloadable-plugin/ItemComparatorRegistryImpl/DefaultRuntimePlugin of DefaultRuntimePlugin [roughlyenoughitems]/"
[22:11:36] [Server thread/TRACE] [REI] [REICommonPlugin END] Reloading Section: "reloadable-plugin/ItemComparatorRegistryImpl/DefaultRuntimePlugin of DefaultRuntimePlugin [roughlyenoughitems]/" done in 36.28 μs
[22:11:36] [Server thread/TRACE] [REI] [REICommonPlugin END] Reloading Section: "reloadable-plugin/ItemComparatorRegistryImpl/CommonREIPlugin of CommonREIPlugin [farmersdelight]/"
[22:11:36] [Server thread/TRACE] [REI] [REICommonPlugin END] Reloading Section: "reloadable-plugin/ItemComparatorRegistryImpl/CommonREIPlugin of CommonREIPlugin [farmersdelight]/" done in 42.20 μs
[22:11:36] [Server thread/TRACE] [REI] [REICommonPlugin END] Reloading Section: "reloadable-plugin/ItemComparatorRegistryImpl/" done in 451.4 μs
[22:11:36] [Server thread/TRACE] [REI] [REICommonPlugin END] Reloading Section: "reloadable-plugin/FluidComparatorRegistryImpl/"
[22:11:36] [Server thread/TRACE] [REI] [REICommonPlugin END] Reloading Section: "reloadable-plugin/FluidComparatorRegistryImpl/DefaultPlugin of DefaultPlugin [roughlyenoughitems]/"
[22:11:36] [Server thread/TRACE] [REI] [REICommonPlugin END] Reloading Section: "reloadable-plugin/FluidComparatorRegistryImpl/DefaultPlugin of DefaultPlugin [roughlyenoughitems]/" done in 55.90 μs
[22:11:36] [Server thread/TRACE] [REI] [REICommonPlugin END] Reloading Section: "reloadable-plugin/FluidComparatorRegistryImpl/FabricFluidAPISupportPlugin/"
[22:11:36] [Server thread/TRACE] [REI] [REICommonPlugin END] Reloading Section: "reloadable-plugin/FluidComparatorRegistryImpl/FabricFluidAPISupportPlugin/" done in 42.35 μs
[22:11:36] [Server thread/TRACE] [REI] [REICommonPlugin END] Reloading Section: "reloadable-plugin/FluidComparatorRegistryImpl/DefaultRuntimePlugin of DefaultRuntimePlugin [roughlyenoughitems]/"
[22:11:36] [Server thread/TRACE] [REI] [REICommonPlugin END] Reloading Section: "reloadable-plugin/FluidComparatorRegistryImpl/DefaultRuntimePlugin of DefaultRuntimePlugin [roughlyenoughitems]/" done in 39.23 μs
[22:11:36] [Server thread/TRACE] [REI] [REICommonPlugin END] Reloading Section: "reloadable-plugin/FluidComparatorRegistryImpl/CommonREIPlugin of CommonREIPlugin [farmersdelight]/"
[22:11:36] [Server thread/TRACE] [REI] [REICommonPlugin END] Reloading Section: "reloadable-plugin/FluidComparatorRegistryImpl/CommonREIPlugin of CommonREIPlugin [farmersdelight]/" done in 38.83 μs
[22:11:36] [Server thread/TRACE] [REI] [REICommonPlugin END] Reloading Section: "reloadable-plugin/FluidComparatorRegistryImpl/" done in 484.8 μs
[22:11:36] [Server thread/TRACE] [REI] [REICommonPlugin END] Reloading Section: "reloadable-plugin/DisplaySerializerRegistryImpl/"
[22:11:36] [Server thread/TRACE] [REI] [REICommonPlugin END] Reloading Section: "reloadable-plugin/DisplaySerializerRegistryImpl/DefaultPlugin of DefaultPlugin [roughlyenoughitems]/"
[22:11:36] [Server thread/TRACE] [REI] [REICommonPlugin END] Reloading Section: "reloadable-plugin/DisplaySerializerRegistryImpl/DefaultPlugin of DefaultPlugin [roughlyenoughitems]/" done in 37.60 μs
[22:11:36] [Server thread/TRACE] [REI] [REICommonPlugin END] Reloading Section: "reloadable-plugin/DisplaySerializerRegistryImpl/FabricFluidAPISupportPlugin/"
[22:11:36] [Server thread/TRACE] [REI] [REICommonPlugin END] Reloading Section: "reloadable-plugin/DisplaySerializerRegistryImpl/FabricFluidAPISupportPlugin/" done in 35.99 μs
[22:11:36] [Server thread/TRACE] [REI] [REICommonPlugin END] Reloading Section: "reloadable-plugin/DisplaySerializerRegistryImpl/DefaultRuntimePlugin of DefaultRuntimePlugin [roughlyenoughitems]/"
[22:11:36] [Server thread/TRACE] [REI] [REICommonPlugin END] Reloading Section: "reloadable-plugin/DisplaySerializerRegistryImpl/DefaultRuntimePlugin of DefaultRuntimePlugin [roughlyenoughitems]/" done in 38.48 μs
[22:11:36] [Server thread/TRACE] [REI] [REICommonPlugin END] Reloading Section: "reloadable-plugin/DisplaySerializerRegistryImpl/CommonREIPlugin of CommonREIPlugin [farmersdelight]/"
[22:11:36] [Server thread/TRACE] [REI] [REICommonPlugin END] Reloading Section: "reloadable-plugin/DisplaySerializerRegistryImpl/CommonREIPlugin of CommonREIPlugin [farmersdelight]/" done in 38.51 μs
[22:11:36] [Server thread/TRACE] [REI] [REICommonPlugin END] Reloading Section: "reloadable-plugin/DisplaySerializerRegistryImpl/" done in 447.2 μs
[22:11:36] [Server thread/TRACE] [REI] [REICommonPlugin END] Reloading Section: "reloadable-plugin/ServerDisplayRegistryImpl/"
[22:11:36] [Server thread/TRACE] [REI] [REICommonPlugin END] Reloading Section: "reloadable-plugin/ServerDisplayRegistryImpl/DefaultPlugin of DefaultPlugin [roughlyenoughitems]/"
[22:11:36] [Server thread/DEBUG] [REI] Added display filter: me.shedaniel.rei.api.common.registry.display.DisplayConsumer$RecipeManagerConsumer$RecipeFillerBuilder$$Lambda/0x000075a66d8142b8@3cefa4e9
[22:11:36] [Server thread/DEBUG] [REI] Added display filter: me.shedaniel.rei.api.common.registry.display.DisplayConsumer$RecipeManagerConsumer$RecipeFillerBuilder$$Lambda/0x000075a66d8142b8@70a51998
[22:11:36] [Server thread/DEBUG] [REI] Added display filter: me.shedaniel.rei.api.common.registry.display.DisplayConsumer$RecipeManagerConsumer$RecipeFillerBuilder$$Lambda/0x000075a66d8142b8@23121c0e
[22:11:36] [Server thread/DEBUG] [REI] Added display filter: me.shedaniel.rei.api.common.registry.display.DisplayConsumer$RecipeManagerConsumer$RecipeFillerBuilder$$Lambda/0x000075a66d8142b8@4a6e6cda
[22:11:36] [Server thread/DEBUG] [REI] Added display filter: me.shedaniel.rei.api.common.registry.display.DisplayConsumer$RecipeManagerConsumer$RecipeFillerBuilder$$Lambda/0x000075a66d8142b8@422da874
[22:11:36] [Server thread/DEBUG] [REI] Added display filter: me.shedaniel.rei.api.common.registry.display.DisplayConsumer$RecipeManagerConsumer$RecipeFillerBuilder$$Lambda/0x000075a66d8142b8@1759f614
[22:11:36] [Server thread/DEBUG] [REI] Added display filter: me.shedaniel.rei.api.common.registry.display.DisplayConsumer$RecipeManagerConsumer$RecipeFillerBuilder$$Lambda/0x000075a66d8142b8@2825df24
[22:11:36] [Server thread/DEBUG] [REI] Added display filter: me.shedaniel.rei.api.common.registry.display.DisplayConsumer$RecipeManagerConsumer$RecipeFillerBuilder$$Lambda/0x000075a66d815b50@387c10c6
[22:11:36] [Server thread/DEBUG] [REI] Added display filter: me.shedaniel.rei.api.common.registry.display.DisplayConsumer$RecipeManagerConsumer$RecipeFillerBuilder$$Lambda/0x000075a66d815b50@1940bac9
[22:11:36] [Server thread/DEBUG] [REI] Added display filter: me.shedaniel.rei.api.common.registry.display.DisplayConsumer$RecipeManagerConsumer$RecipeFillerBuilder$$Lambda/0x000075a66d815b50@6da6b49f
[22:11:36] [Server thread/DEBUG] [REI] Added display filter: me.shedaniel.rei.api.common.registry.display.DisplayConsumer$RecipeManagerConsumer$RecipeFillerBuilder$$Lambda/0x000075a66d815b50@6229451e
[22:11:36] [Server thread/DEBUG] [REI] Added display filter: me.shedaniel.rei.api.common.registry.display.DisplayConsumer$RecipeManagerConsumer$RecipeFillerBuilder$$Lambda/0x000075a66d815b50@3a0b93bd
[22:11:36] [Server thread/DEBUG] [REI] Added display filter: me.shedaniel.rei.api.common.registry.display.DisplayConsumer$RecipeManagerConsumer$RecipeFillerBuilder$$Lambda/0x000075a66d815b50@2601e0c7
[22:11:36] [Server thread/DEBUG] [REI] Added display filter: me.shedaniel.rei.api.common.registry.display.DisplayConsumer$RecipeManagerConsumer$RecipeFillerBuilder$$Lambda/0x000075a66d815b50@7edbaad4
[22:11:36] [Server thread/DEBUG] [REI] Added display filter: me.shedaniel.rei.api.common.registry.display.DisplayConsumer$RecipeManagerConsumer$RecipeFillerBuilder$$Lambda/0x000075a66d815b50@56f201a4
[22:11:36] [Server thread/DEBUG] [REI] Added display filter: me.shedaniel.rei.api.common.registry.display.DisplayConsumer$RecipeManagerConsumer$RecipeFillerBuilder$$Lambda/0x000075a66d815b50@3082f6bc
[22:11:36] [Server thread/TRACE] [REI] [REICommonPlugin END] Reloading Section: "reloadable-plugin/ServerDisplayRegistryImpl/DefaultPlugin of DefaultPlugin [roughlyenoughitems]/" done in 5.078 ms
[22:11:36] [Server thread/TRACE] [REI] [REICommonPlugin END] Reloading Section: "reloadable-plugin/ServerDisplayRegistryImpl/FabricFluidAPISupportPlugin/"
[22:11:36] [Server thread/TRACE] [REI] [REICommonPlugin END] Reloading Section: "reloadable-plugin/ServerDisplayRegistryImpl/FabricFluidAPISupportPlugin/" done in 52.56 μs
[22:11:36] [Server thread/TRACE] [REI] [REICommonPlugin END] Reloading Section: "reloadable-plugin/ServerDisplayRegistryImpl/DefaultRuntimePlugin of DefaultRuntimePlugin [roughlyenoughitems]/"
[22:11:36] [Server thread/TRACE] [REI] [REICommonPlugin END] Reloading Section: "reloadable-plugin/ServerDisplayRegistryImpl/DefaultRuntimePlugin of DefaultRuntimePlugin [roughlyenoughitems]/" done in 39.15 μs
[22:11:36] [Server thread/TRACE] [REI] [REICommonPlugin END] Reloading Section: "reloadable-plugin/ServerDisplayRegistryImpl/CommonREIPlugin of CommonREIPlugin [farmersdelight]/"
[22:11:36] [Server thread/DEBUG] [REI] Added display filter: me.shedaniel.rei.api.common.registry.display.DisplayConsumer$RecipeManagerConsumer$RecipeFillerBuilder$$Lambda/0x000075a66d8142b8@3a02ab58
[22:11:36] [Server thread/DEBUG] [REI] Added display filter: me.shedaniel.rei.api.common.registry.display.DisplayConsumer$RecipeManagerConsumer$RecipeFillerBuilder$$Lambda/0x000075a66d8142b8@5bab5ca0
[22:11:36] [Server thread/TRACE] [REI] [REICommonPlugin END] Reloading Section: "reloadable-plugin/ServerDisplayRegistryImpl/CommonREIPlugin of CommonREIPlugin [farmersdelight]/" done in 4.272 ms
[22:11:36] [Server thread/TRACE] [REI] [REICommonPlugin END] Reloading Section: "reloadable-plugin/ServerDisplayRegistryImpl/" done in 9.968 ms
[22:11:36] [Server thread/TRACE] [REI] [REICommonPlugin END] Reloading Section: "reloadable-plugin/FluidSupportProviderImpl/"
[22:11:36] [Server thread/TRACE] [REI] [REICommonPlugin END] Reloading Section: "reloadable-plugin/FluidSupportProviderImpl/DefaultPlugin of DefaultPlugin [roughlyenoughitems]/"
[22:11:36] [Server thread/TRACE] [REI] [REICommonPlugin END] Reloading Section: "reloadable-plugin/FluidSupportProviderImpl/DefaultPlugin of DefaultPlugin [roughlyenoughitems]/" done in 35.48 μs
[22:11:36] [Server thread/TRACE] [REI] [REICommonPlugin END] Reloading Section: "reloadable-plugin/FluidSupportProviderImpl/FabricFluidAPISupportPlugin/"
[22:11:36] [Server thread/TRACE] [REI] [REICommonPlugin END] Reloading Section: "reloadable-plugin/FluidSupportProviderImpl/FabricFluidAPISupportPlugin/" done in 39.39 μs
[22:11:36] [Server thread/TRACE] [REI] [REICommonPlugin END] Reloading Section: "reloadable-plugin/FluidSupportProviderImpl/DefaultRuntimePlugin of DefaultRuntimePlugin [roughlyenoughitems]/"
[22:11:36] [Server thread/TRACE] [REI] [REICommonPlugin END] Reloading Section: "reloadable-plugin/FluidSupportProviderImpl/DefaultRuntimePlugin of DefaultRuntimePlugin [roughlyenoughitems]/" done in 39.30 μs
[22:11:36] [Server thread/TRACE] [REI] [REICommonPlugin END] Reloading Section: "reloadable-plugin/FluidSupportProviderImpl/CommonREIPlugin of CommonREIPlugin [farmersdelight]/"
[22:11:36] [Server thread/TRACE] [REI] [REICommonPlugin END] Reloading Section: "reloadable-plugin/FluidSupportProviderImpl/CommonREIPlugin of CommonREIPlugin [farmersdelight]/" done in 41.23 μs
[22:11:36] [Server thread/TRACE] [REI] [REICommonPlugin END] Reloading Section: "reloadable-plugin/FluidSupportProviderImpl/" done in 472.7 μs
[22:11:36] [Server thread/DEBUG] [REI] ========================================
[22:11:36] [Server thread/DEBUG] [REI] REICommonPlugin ending main-reload for END.
[22:11:36] [Server thread/DEBUG] [REI] ========================================
[22:11:36] [Server thread/TRACE] [REI] [REICommonPlugin END] Reloading Section: "end-reload/"
[22:11:36] [Server thread/TRACE] [REI] [REICommonPlugin END] Reloading Section: "end-reload/SlotAccessorRegistryImpl/"
[22:11:36] [Server thread/DEBUG] [REI] Registered 2 slot accessor serializers
[22:11:36] [Server thread/TRACE] [REI] [REICommonPlugin END] Reloading Section: "end-reload/SlotAccessorRegistryImpl/" done in 98.92 μs
[22:11:36] [Server thread/TRACE] [REI] [REICommonPlugin END] Reloading Section: "end-reload/EntryTypeRegistryImpl/"
[22:11:36] [Server thread/TRACE] [REI] [REICommonPlugin END] Reloading Section: "end-reload/EntryTypeRegistryImpl/" done in 51.78 μs
[22:11:36] [Server thread/TRACE] [REI] [REICommonPlugin END] Reloading Section: "end-reload/EntrySettingsAdapterRegistryImpl/"
[22:11:36] [Server thread/TRACE] [REI] [REICommonPlugin END] Reloading Section: "end-reload/EntrySettingsAdapterRegistryImpl/" done in 41.75 μs
[22:11:36] [Server thread/TRACE] [REI] [REICommonPlugin END] Reloading Section: "end-reload/ItemComparatorRegistryImpl/"
[22:11:36] [Server thread/TRACE] [REI] [REICommonPlugin END] Reloading Section: "end-reload/ItemComparatorRegistryImpl/" done in 31.32 μs
[22:11:36] [Server thread/TRACE] [REI] [REICommonPlugin END] Reloading Section: "end-reload/FluidComparatorRegistryImpl/"
[22:11:36] [Server thread/TRACE] [REI] [REICommonPlugin END] Reloading Section: "end-reload/FluidComparatorRegistryImpl/" done in 32.18 μs
[22:11:36] [Server thread/TRACE] [REI] [REICommonPlugin END] Reloading Section: "end-reload/DisplaySerializerRegistryImpl/"
[22:11:36] [Server thread/TRACE] [REI] [REICommonPlugin END] Reloading Section: "end-reload/DisplaySerializerRegistryImpl/" done in 30.08 μs
[22:11:36] [Server thread/TRACE] [REI] [REICommonPlugin END] Reloading Section: "end-reload/ServerDisplayRegistryImpl/"
[22:11:36] [Server thread/DEBUG] [REI] Found preliminary 11 displays
[22:11:37] [Server thread/DEBUG] [REI] Filled 3651 displays from recipe manager in 107.7 ms
[22:11:37] [Server thread/TRACE] [REI] [REICommonPlugin END] Reloading Section: "end-reload/ServerDisplayRegistryImpl/" done in 108.1 ms
[22:11:37] [Server thread/TRACE] [REI] [REICommonPlugin END] Reloading Section: "end-reload/FluidSupportProviderImpl/"
[22:11:37] [Server thread/TRACE] [REI] [REICommonPlugin END] Reloading Section: "end-reload/FluidSupportProviderImpl/" done in 36.06 μs
[22:11:37] [Server thread/TRACE] [REI] [REICommonPlugin END] Reloading Section: "end-reload/" done in 109.0 ms
[22:11:37] [Server thread/DEBUG] [REI] ========================================
[22:11:37] [Server thread/DEBUG] [REI] REICommonPlugin ended main-reload for END in 129.6 ms.
[22:11:37] [Server thread/DEBUG] [REI] ========================================
[22:11:37] [Server thread/DEBUG] [REI] ========================================
[22:11:37] [Server thread/DEBUG] [REI] REICommonPlugin starting post-reload for END.
[22:11:37] [Server thread/DEBUG] [REI] Reloadables (8):
[22:11:37] [Server thread/DEBUG] [REI]  - SlotAccessorRegistryImpl
[22:11:37] [Server thread/DEBUG] [REI]  - EntryTypeRegistryImpl
[22:11:37] [Server thread/DEBUG] [REI]  - EntrySettingsAdapterRegistryImpl
[22:11:37] [Server thread/DEBUG] [REI]  - ItemComparatorRegistryImpl
[22:11:37] [Server thread/DEBUG] [REI]  - FluidComparatorRegistryImpl
[22:11:37] [Server thread/DEBUG] [REI]  - DisplaySerializerRegistryImpl
[22:11:37] [Server thread/DEBUG] [REI]  - ServerDisplayRegistryImpl
[22:11:37] [Server thread/DEBUG] [REI]  - FluidSupportProviderImpl
[22:11:37] [Server thread/DEBUG] [REI] Plugins (4):
[22:11:37] [Server thread/DEBUG] [REI]  - (-100.00) DefaultPlugin of DefaultPlugin [roughlyenoughitems]
[22:11:37] [Server thread/DEBUG] [REI]  - (0.00) FabricFluidAPISupportPlugin
[22:11:37] [Server thread/DEBUG] [REI]  - (0.00) DefaultRuntimePlugin of DefaultRuntimePlugin [roughlyenoughitems]
[22:11:37] [Server thread/DEBUG] [REI]  - (0.00) CommonREIPlugin of CommonREIPlugin [farmersdelight]
[22:11:37] [Server thread/DEBUG] [REI] ========================================
[22:11:37] [Server thread/TRACE] [REI] [REICommonPlugin END] Reloading Section: "post-register/"
[22:11:37] [Server thread/TRACE] [REI] [REICommonPlugin END] Reloading Section: "post-register/DefaultPlugin of DefaultPlugin [roughlyenoughitems]/"
[22:11:37] [Server thread/TRACE] [REI] [REICommonPlugin END] Reloading Section: "post-register/DefaultPlugin of DefaultPlugin [roughlyenoughitems]/" done in 36.50 μs
[22:11:37] [Server thread/TRACE] [REI] [REICommonPlugin END] Reloading Section: "post-register/FabricFluidAPISupportPlugin/"
[22:11:37] [Server thread/TRACE] [REI] [REICommonPlugin END] Reloading Section: "post-register/FabricFluidAPISupportPlugin/" done in 30.50 μs
[22:11:37] [Server thread/TRACE] [REI] [REICommonPlugin END] Reloading Section: "post-register/DefaultRuntimePlugin of DefaultRuntimePlugin [roughlyenoughitems]/"
[22:11:37] [Server thread/TRACE] [REI] [REICommonPlugin END] Reloading Section: "post-register/DefaultRuntimePlugin of DefaultRuntimePlugin [roughlyenoughitems]/" done in 41.89 μs
[22:11:37] [Server thread/TRACE] [REI] [REICommonPlugin END] Reloading Section: "post-register/CommonREIPlugin of CommonREIPlugin [farmersdelight]/"
[22:11:37] [Server thread/TRACE] [REI] [REICommonPlugin END] Reloading Section: "post-register/CommonREIPlugin of CommonREIPlugin [farmersdelight]/" done in 33.37 μs
[22:11:37] [Server thread/TRACE] [REI] [REICommonPlugin END] Reloading Section: "post-register/" done in 420.1 μs
[22:11:37] [Server thread/TRACE] [REI] [REICommonPlugin END] Reloading Section: "post-stage/"
[22:11:37] [Server thread/TRACE] [REI] [REICommonPlugin END] Reloading Section: "post-stage/SlotAccessorRegistryImpl/"
[22:11:37] [Server thread/TRACE] [REI] [REICommonPlugin END] Reloading Section: "post-stage/SlotAccessorRegistryImpl/" done in 28.63 μs
[22:11:37] [Server thread/TRACE] [REI] [REICommonPlugin END] Reloading Section: "post-stage/EntryTypeRegistryImpl/"
[22:11:37] [Server thread/TRACE] [REI] [REICommonPlugin END] Reloading Section: "post-stage/EntryTypeRegistryImpl/" done in 53.61 μs
[22:11:37] [Server thread/TRACE] [REI] [REICommonPlugin END] Reloading Section: "post-stage/EntrySettingsAdapterRegistryImpl/"
[22:11:37] [Server thread/TRACE] [REI] [REICommonPlugin END] Reloading Section: "post-stage/EntrySettingsAdapterRegistryImpl/" done in 23.73 μs
[22:11:37] [Server thread/TRACE] [REI] [REICommonPlugin END] Reloading Section: "post-stage/ItemComparatorRegistryImpl/"
[22:11:37] [Server thread/TRACE] [REI] [REICommonPlugin END] Reloading Section: "post-stage/ItemComparatorRegistryImpl/" done in 30.17 μs
[22:11:37] [Server thread/TRACE] [REI] [REICommonPlugin END] Reloading Section: "post-stage/FluidComparatorRegistryImpl/"
[22:11:37] [Server thread/TRACE] [REI] [REICommonPlugin END] Reloading Section: "post-stage/FluidComparatorRegistryImpl/" done in 29.89 μs
[22:11:37] [Server thread/TRACE] [REI] [REICommonPlugin END] Reloading Section: "post-stage/DisplaySerializerRegistryImpl/"
[22:11:37] [Server thread/TRACE] [REI] [REICommonPlugin END] Reloading Section: "post-stage/DisplaySerializerRegistryImpl/" done in 30.11 μs
[22:11:37] [Server thread/TRACE] [REI] [REICommonPlugin END] Reloading Section: "post-stage/ServerDisplayRegistryImpl/"
[22:11:37] [Server thread/TRACE] [REI] [REICommonPlugin END] Reloading Section: "post-stage/ServerDisplayRegistryImpl/" done in 29.65 μs
[22:11:37] [Server thread/TRACE] [REI] [REICommonPlugin END] Reloading Section: "post-stage/FluidSupportProviderImpl/"
[22:11:37] [Server thread/TRACE] [REI] [REICommonPlugin END] Reloading Section: "post-stage/FluidSupportProviderImpl/" done in 36.02 μs
[22:11:37] [Server thread/TRACE] [REI] [REICommonPlugin END] Reloading Section: "post-stage/" done in 735.8 μs
[22:11:37] [Server thread/DEBUG] [REI] ========================================
[22:11:37] [Server thread/INFO] [REI] REICommonPlugin finished post-reload for END in 1.257 ms, totaling 132.3 ms.
[22:11:37] [Server thread/DEBUG] [REI] ========================================
[22:11:37] [Server thread/DEBUG] [REI] Updating players with new displays version 2C44E47500000001 [from 2C44E47500000000]
[22:13:14] [Server thread/DEBUG] [REI] Player anatsu660 has outdated displays version 0 [latest version: 2C44E47500000001]
[22:13:14] [Server thread/DEBUG] [REI] Player anatsu660 has outdated displays version 0 [latest version: 2C44E47500000001], sending reset packet request.
[22:13:14] [Server thread/DEBUG] [REI] Failed to encode display: vectorwing.farmersdelight.integration.rei.display.DecompositionDisplay@45e3b57a
java.lang.IllegalStateException: Can't encode 'vectorwing.farmersdelight.integration.rei.display.DecompositionDisplay@45e3b57a', expected 'vectorwing.farmersdelight.integration.rei.display.DecompositionDisplay@77c0521a'
	at knot//net.minecraft.class_9139$11.encode(class_9139.java:61)
	at knot//net.minecraft.class_9139$14.encode(class_9139.java:121)
	at knot//me.shedaniel.rei.impl.common.networking.DisplaySyncPacket$1.encode(DisplaySyncPacket.java:60)
	at knot//me.shedaniel.rei.impl.common.networking.DisplaySyncPacket$1.encode(DisplaySyncPacket.java:55)
	at knot//net.minecraft.class_9135$17.method_71578(class_9135.java:458)
	at knot//net.minecraft.class_9135$17.encode(class_9135.java:443)
	at knot//net.minecraft.class_9139$12.encode(class_9139.java:85)
	at knot//net.minecraft.class_9139$17.encode(class_9139.java:184)
	at knot//dev.architectury.impl.NetworkAggregator.collectPackets(NetworkAggregator.java:146)
	at knot//dev.architectury.networking.NetworkManager.collectPackets(NetworkManager.java:137)
	at knot//me.shedaniel.rei.impl.common.registry.displays.ServerDisplayRegistryImpl.getResetPackets(ServerDisplayRegistryImpl.java:146)
	at knot//me.shedaniel.rei.impl.common.registry.displays.ServerDisplayRegistryImpl.lambda$updatePlayers$6(ServerDisplayRegistryImpl.java:100)
	at knot//com.google.common.base.Suppliers$NonSerializableMemoizingSupplier.get(Suppliers.java:200)
	at knot//me.shedaniel.rei.impl.common.registry.displays.ServerDisplayRegistryImpl.updatePlayers(ServerDisplayRegistryImpl.java:115)
	at knot//me.shedaniel.rei.impl.common.registry.displays.ServerDisplayRegistryImpl.lambda$new$3(ServerDisplayRegistryImpl.java:87)
	at knot//dev.architectury.event.fabric.EventHandlerImpl.lambda$registerCommon$14(EventHandlerImpl.java:72)
	at knot//net.fabricmc.fabric.api.event.lifecycle.v1.ServerTickEvents.lambda$static$2(ServerTickEvents.java:55)
	at knot//net.minecraft.server.MinecraftServer.handler$bbc002$fabric-lifecycle-events-v1$onEndTick(MinecraftServer.java:6222)
	at knot//net.minecraft.server.MinecraftServer.method_3748(MinecraftServer.java:971)
	at knot//net.minecraft.server.MinecraftServer.method_29741(MinecraftServer.java:707)
	at knot//net.minecraft.server.MinecraftServer.method_29739(MinecraftServer.java:291)
	at java.base/java.lang.Thread.run(Thread.java:1583)
